============================================================
   Tang Dynasty, V5.6.71036
      Copyright (c) 2012-2023 Anlogic Inc.
   Executable = /data/Tools/TD_5.6.2_71036_NL/bin/td
   Built by =   zhangfan
   Built at =   19:43, 3月 21
   Run by =     zhangfan
   Run Date =   Thu Jul  6 10:26:36 2023

   Run on =     zhangfan-desktop
============================================================
RUN-001 : GUI based run for schematic viewer...
RUN-1002 : start command "import_device ph1_90.db -package PH1A90SBG484"
ARC-1001 : Device Initialization.
ARC-1001 : -----------------------------------------------------------
ARC-1001 :           OPTION          |        IO        |   SETTING   
ARC-1001 : -----------------------------------------------------------
ARC-1001 :   non_jtag_persist(none)  |      36 IOs      |    gpio    
ARC-1001 :            jtag           |  M7/K7/L6/K6/J6  |  dedicate  
ARC-1001 : -----------------------------------------------------------
RUN-1003 : finish command "import_device ph1_90.db -package PH1A90SBG484" in  3.915576s wall, 3.870000s user + 0.150000s system = 4.020000s CPU (102.7%)

RUN-1004 : used memory is 672 MB, reserved memory is 688 MB, peak memory is 688 MB
RUN-1002 : start command "import_db /data/Tasks/FrequencyResponseDetector/td/FrequencyResponseDetector_Runs/syn_1/FrequencyResponseDetector_elaborate.db"
RUN-1001 : Importing database generated by Tang Dynasty, V5.6.71036.
RUN-1001 : Database version number 46146.
RUN-1001 : Import flow parameters
RUN-1001 : Import IO constraints
RUN-1001 : Import Inst constraints
RUN-1001 : Import design success TD_VERSION=5.6.71036 , DB_VERSION=46146
