============================================================
   Tang Dynasty, V5.6.71036
      Copyright (c) 2012-2023 Anlogic Inc.
   Executable = /data/Tools/TD_5.6.2_71036_NL/bin/td
   Built by =   zhangfan
   Built at =   19:43, 3月 21
   Run by =     zhangfan
   Run Date =   Wed Jul  5 14:10:51 2023

   Run on =     zhangfan-desktop
============================================================
ARC-1001 : Device Initialization.
ARC-1001 : -----------------------------------------------------------
ARC-1001 :           OPTION          |        IO        |   SETTING   
ARC-1001 : -----------------------------------------------------------
ARC-1001 :   non_jtag_persist(none)  |      36 IOs      |    gpio    
ARC-1001 :            jtag           |  M7/K7/L6/K6/J6  |  dedicate  
ARC-1001 : -----------------------------------------------------------
RUN-1003 : finish command "import_device ph1_90.db -package PH1A90SBG484 -speed 2" in  4.290332s wall, 3.890000s user + 0.150000s system = 4.040000s CPU (94.2%)

RUN-1004 : used memory is 682 MB, reserved memory is 699 MB, peak memory is 699 MB
RUN-1001 : Print Global Property
RUN-1001 : ---------------------------------------------------------------
RUN-1001 :        Parameters        |  Settings  |  Default Values  |  Note  
RUN-1001 : ---------------------------------------------------------------
RUN-1001 :          message         |  standard  |     standard     |        
RUN-1001 :   mixed_pack_place_flow  |     on     |        on        |        
RUN-1001 :        qor_monitor       |    off     |       off        |        
RUN-1001 :        syn_ip_flow       |    off     |       off        |        
RUN-1001 :          thread          |    auto    |       auto       |        
RUN-1001 : ---------------------------------------------------------------
RUN-1001 : Print Design Property
RUN-1001 : --------------------------------------------------------------
RUN-1001 :        Parameters       |  Settings  |  Default Values  |  Note  
RUN-1001 : --------------------------------------------------------------
RUN-1001 :   default_reg_initial   |    auto    |       auto       |        
RUN-1001 :        infer_add        |     on     |        on        |        
RUN-1001 :        infer_fsm        |    off     |       off        |        
RUN-1001 :        infer_mult       |     on     |        on        |        
RUN-1001 :        infer_ram        |     on     |        on        |        
RUN-1001 :        infer_reg        |     on     |        on        |        
RUN-1001 :   infer_reg_init_value  |     on     |        on        |        
RUN-1001 :        infer_rom        |     on     |        on        |        
RUN-1001 :      infer_shifter      |     on     |        on        |        
RUN-1001 : --------------------------------------------------------------
RUN-1001 : Print Rtl Property
RUN-1001 : --------------------------------------------------------------
RUN-1001 :        Parameters       |  Settings  |  Default Values  |  Note  
RUN-1001 : --------------------------------------------------------------
RUN-1001 :       compress_add      |   ripple   |      ripple      |        
RUN-1001 :        elf_sload        |    off     |       off        |        
RUN-1001 :       fix_undriven      |     0      |        0         |        
RUN-1001 :         flatten         |    off     |       off        |        
RUN-1001 :       gate_sharing      |     on     |        on        |        
RUN-1001 :    hdl_warning_level    |   normal   |      normal      |        
RUN-1001 :   impl_internal_tribuf  |     on     |        on        |        
RUN-1001 :      impl_set_reset     |     on     |        on        |        
RUN-1001 :        infer_gsr        |    off     |       off        |        
RUN-1001 :      keep_hierarchy     |    auto    |       auto       |        
RUN-1001 :        max_fanout       |    9999    |       9999       |        
RUN-1001 :      max_oh2bin_len     |     10     |        10        |        
RUN-1001 :       merge_equal       |     on     |        on        |        
RUN-1001 :       merge_equiv       |     on     |        on        |        
RUN-1001 :        merge_mux        |    off     |       off        |        
RUN-1001 :     min_control_set     |     8      |        8         |        
RUN-1001 :      min_ripple_len     |    auto    |       auto       |        
RUN-1001 :       oh2bin_ratio      |    0.08    |       0.08       |        
RUN-1001 :     opt_adder_fanout    |     on     |        on        |        
RUN-1001 :        opt_arith        |     on     |        on        |        
RUN-1001 :       opt_big_gate      |    off     |       off        |        
RUN-1001 :        opt_const        |     on     |        on        |        
RUN-1001 :      opt_const_mult     |     on     |        on        |        
RUN-1001 :       opt_lessthan      |     on     |        on        |        
RUN-1001 :         opt_mux         |    off     |       off        |        
RUN-1001 :         opt_ram         |    high    |       high       |        
RUN-1001 :      rtl_sim_model      |    off     |       off        |        
RUN-1001 :         seq_syn         |     on     |        on        |        
RUN-1001 : --------------------------------------------------------------
HDL-1007 : analyze verilog file src/dds/dds.v
HDL-1007 : analyze verilog file src/spi/spi.v
HDL-1007 : analyze verilog file src/spi/spi_master.v
HDL-1007 : analyze verilog file src/spi/spi_slave.v
HDL-1007 : analyze verilog file src/top.v
HDL-1007 : analyze verilog file src/dds/dds.v
HDL-1007 : analyze verilog file src/spi/spi.v
HDL-1007 : analyze verilog file src/top.v
HDL-8007 ERROR: cannot find port 'rst_n' on this module in src/spi/spi.v(39)
HDL-1007 : analyze verilog file src/spi/spi.v
HDL-1007 : undeclared symbol 'rst_n', assumed default net type 'wire' in src/spi/spi.v(44)
HDL-1007 : analyze verilog file src/top.v
HDL-8007 ERROR: cannot find port 'rst_n' on this module in src/spi/spi.v(44)
HDL-1007 : analyze verilog file src/spi/spi.v
HDL-8007 ERROR: cannot find port 'rst_n' on this module in src/spi/spi.v(44)
RUN-1001 : Print Global Property
RUN-1001 : ---------------------------------------------------------------
RUN-1001 :        Parameters        |  Settings  |  Default Values  |  Note  
RUN-1001 : ---------------------------------------------------------------
RUN-1001 :          message         |  standard  |     standard     |        
RUN-1001 :   mixed_pack_place_flow  |     on     |        on        |        
RUN-1001 :        qor_monitor       |    off     |       off        |        
RUN-1001 :        syn_ip_flow       |    off     |       off        |        
RUN-1001 :          thread          |    auto    |       auto       |        
RUN-1001 : ---------------------------------------------------------------
RUN-1001 : Print Design Property
RUN-1001 : --------------------------------------------------------------
RUN-1001 :        Parameters       |  Settings  |  Default Values  |  Note  
RUN-1001 : --------------------------------------------------------------
RUN-1001 :   default_reg_initial   |    auto    |       auto       |        
RUN-1001 :        infer_add        |     on     |        on        |        
RUN-1001 :        infer_fsm        |    off     |       off        |        
RUN-1001 :        infer_mult       |     on     |        on        |        
RUN-1001 :        infer_ram        |     on     |        on        |        
RUN-1001 :        infer_reg        |     on     |        on        |        
RUN-1001 :   infer_reg_init_value  |     on     |        on        |        
RUN-1001 :        infer_rom        |     on     |        on        |        
RUN-1001 :      infer_shifter      |     on     |        on        |        
RUN-1001 : --------------------------------------------------------------
RUN-1001 : Print Rtl Property
RUN-1001 : --------------------------------------------------------------
RUN-1001 :        Parameters       |  Settings  |  Default Values  |  Note  
RUN-1001 : --------------------------------------------------------------
RUN-1001 :       compress_add      |   ripple   |      ripple      |        
RUN-1001 :        elf_sload        |    off     |       off        |        
RUN-1001 :       fix_undriven      |     0      |        0         |        
RUN-1001 :         flatten         |    off     |       off        |        
RUN-1001 :       gate_sharing      |     on     |        on        |        
RUN-1001 :    hdl_warning_level    |   normal   |      normal      |        
RUN-1001 :   impl_internal_tribuf  |     on     |        on        |        
RUN-1001 :      impl_set_reset     |     on     |        on        |        
RUN-1001 :        infer_gsr        |    off     |       off        |        
RUN-1001 :      keep_hierarchy     |    auto    |       auto       |        
RUN-1001 :        max_fanout       |    9999    |       9999       |        
RUN-1001 :      max_oh2bin_len     |     10     |        10        |        
RUN-1001 :       merge_equal       |     on     |        on        |        
RUN-1001 :       merge_equiv       |     on     |        on        |        
RUN-1001 :        merge_mux        |    off     |       off        |        
RUN-1001 :     min_control_set     |     8      |        8         |        
RUN-1001 :      min_ripple_len     |    auto    |       auto       |        
RUN-1001 :       oh2bin_ratio      |    0.08    |       0.08       |        
RUN-1001 :     opt_adder_fanout    |     on     |        on        |        
RUN-1001 :        opt_arith        |     on     |        on        |        
RUN-1001 :       opt_big_gate      |    off     |       off        |        
RUN-1001 :        opt_const        |     on     |        on        |        
RUN-1001 :      opt_const_mult     |     on     |        on        |        
RUN-1001 :       opt_lessthan      |     on     |        on        |        
RUN-1001 :         opt_mux         |    off     |       off        |        
RUN-1001 :         opt_ram         |    high    |       high       |        
RUN-1001 :      rtl_sim_model      |    off     |       off        |        
RUN-1001 :         seq_syn         |     on     |        on        |        
RUN-1001 : --------------------------------------------------------------
HDL-1007 : analyze verilog file al_ip/sys_pll.v
HDL-1007 : undeclared symbol 'open', assumed default net type 'wire' in al_ip/sys_pll.v(105)
HDL-8007 ERROR: cannot find port 'rst_n' on this module in src/spi/spi.v(44)
RUN-1001 : Print Global Property
RUN-1001 : ---------------------------------------------------------------
RUN-1001 :        Parameters        |  Settings  |  Default Values  |  Note  
RUN-1001 : ---------------------------------------------------------------
RUN-1001 :          message         |  standard  |     standard     |        
RUN-1001 :   mixed_pack_place_flow  |     on     |        on        |        
RUN-1001 :        qor_monitor       |    off     |       off        |        
RUN-1001 :        syn_ip_flow       |    off     |       off        |        
RUN-1001 :          thread          |    auto    |       auto       |        
RUN-1001 : ---------------------------------------------------------------
RUN-1001 : Print Design Property
RUN-1001 : --------------------------------------------------------------
RUN-1001 :        Parameters       |  Settings  |  Default Values  |  Note  
RUN-1001 : --------------------------------------------------------------
RUN-1001 :   default_reg_initial   |    auto    |       auto       |        
RUN-1001 :        infer_add        |     on     |        on        |        
RUN-1001 :        infer_fsm        |    off     |       off        |        
RUN-1001 :        infer_mult       |     on     |        on        |        
RUN-1001 :        infer_ram        |     on     |        on        |        
RUN-1001 :        infer_reg        |     on     |        on        |        
RUN-1001 :   infer_reg_init_value  |     on     |        on        |        
RUN-1001 :        infer_rom        |     on     |        on        |        
RUN-1001 :      infer_shifter      |     on     |        on        |        
RUN-1001 : --------------------------------------------------------------
RUN-1001 : Print Rtl Property
RUN-1001 : --------------------------------------------------------------
RUN-1001 :        Parameters       |  Settings  |  Default Values  |  Note  
RUN-1001 : --------------------------------------------------------------
RUN-1001 :       compress_add      |   ripple   |      ripple      |        
RUN-1001 :        elf_sload        |    off     |       off        |        
RUN-1001 :       fix_undriven      |     0      |        0         |        
RUN-1001 :         flatten         |    off     |       off        |        
RUN-1001 :       gate_sharing      |     on     |        on        |        
RUN-1001 :    hdl_warning_level    |   normal   |      normal      |        
RUN-1001 :   impl_internal_tribuf  |     on     |        on        |        
RUN-1001 :      impl_set_reset     |     on     |        on        |        
RUN-1001 :        infer_gsr        |    off     |       off        |        
RUN-1001 :      keep_hierarchy     |    auto    |       auto       |        
RUN-1001 :        max_fanout       |    9999    |       9999       |        
RUN-1001 :      max_oh2bin_len     |     10     |        10        |        
RUN-1001 :       merge_equal       |     on     |        on        |        
RUN-1001 :       merge_equiv       |     on     |        on        |        
RUN-1001 :        merge_mux        |    off     |       off        |        
RUN-1001 :     min_control_set     |     8      |        8         |        
RUN-1001 :      min_ripple_len     |    auto    |       auto       |        
RUN-1001 :       oh2bin_ratio      |    0.08    |       0.08       |        
RUN-1001 :     opt_adder_fanout    |     on     |        on        |        
RUN-1001 :        opt_arith        |     on     |        on        |        
RUN-1001 :       opt_big_gate      |    off     |       off        |        
RUN-1001 :        opt_const        |     on     |        on        |        
RUN-1001 :      opt_const_mult     |     on     |        on        |        
RUN-1001 :       opt_lessthan      |     on     |        on        |        
RUN-1001 :         opt_mux         |    off     |       off        |        
RUN-1001 :         opt_ram         |    high    |       high       |        
RUN-1001 :      rtl_sim_model      |    off     |       off        |        
RUN-1001 :         seq_syn         |     on     |        on        |        
RUN-1001 : --------------------------------------------------------------
HDL-1007 : analyze verilog file al_ip/sys_pll.v
HDL-1007 : undeclared symbol 'open', assumed default net type 'wire' in al_ip/sys_pll.v(105)
HDL-1007 : analyze verilog file src/dds/dds.v
HDL-1007 : analyze verilog file src/spi/spi.v
HDL-1007 : analyze verilog file src/spi/spi_master.v
HDL-1007 : analyze verilog file src/spi/spi_slave.v
HDL-1007 : analyze verilog file src/top.v
HDL-8007 ERROR: cannot find port 'rst_n' on this module in src/spi/spi.v(44)
RUN-1001 : Print Global Property
RUN-1001 : ---------------------------------------------------------------
RUN-1001 :        Parameters        |  Settings  |  Default Values  |  Note  
RUN-1001 : ---------------------------------------------------------------
RUN-1001 :          message         |  standard  |     standard     |        
RUN-1001 :   mixed_pack_place_flow  |     on     |        on        |        
RUN-1001 :        qor_monitor       |    off     |       off        |        
RUN-1001 :        syn_ip_flow       |    off     |       off        |        
RUN-1001 :          thread          |    auto    |       auto       |        
RUN-1001 : ---------------------------------------------------------------
RUN-1001 : Print Design Property
RUN-1001 : --------------------------------------------------------------
RUN-1001 :        Parameters       |  Settings  |  Default Values  |  Note  
RUN-1001 : --------------------------------------------------------------
RUN-1001 :   default_reg_initial   |    auto    |       auto       |        
RUN-1001 :        infer_add        |     on     |        on        |        
RUN-1001 :        infer_fsm        |    off     |       off        |        
RUN-1001 :        infer_mult       |     on     |        on        |        
RUN-1001 :        infer_ram        |     on     |        on        |        
RUN-1001 :        infer_reg        |     on     |        on        |        
RUN-1001 :   infer_reg_init_value  |     on     |        on        |        
RUN-1001 :        infer_rom        |     on     |        on        |        
RUN-1001 :      infer_shifter      |     on     |        on        |        
RUN-1001 : --------------------------------------------------------------
RUN-1001 : Print Rtl Property
RUN-1001 : --------------------------------------------------------------
RUN-1001 :        Parameters       |  Settings  |  Default Values  |  Note  
RUN-1001 : --------------------------------------------------------------
RUN-1001 :       compress_add      |   ripple   |      ripple      |        
RUN-1001 :        elf_sload        |    off     |       off        |        
RUN-1001 :       fix_undriven      |     0      |        0         |        
RUN-1001 :         flatten         |    off     |       off        |        
RUN-1001 :       gate_sharing      |     on     |        on        |        
RUN-1001 :    hdl_warning_level    |   normal   |      normal      |        
RUN-1001 :   impl_internal_tribuf  |     on     |        on        |        
RUN-1001 :      impl_set_reset     |     on     |        on        |        
RUN-1001 :        infer_gsr        |    off     |       off        |        
RUN-1001 :      keep_hierarchy     |    auto    |       auto       |        
RUN-1001 :        max_fanout       |    9999    |       9999       |        
RUN-1001 :      max_oh2bin_len     |     10     |        10        |        
RUN-1001 :       merge_equal       |     on     |        on        |        
RUN-1001 :       merge_equiv       |     on     |        on        |        
RUN-1001 :        merge_mux        |    off     |       off        |        
RUN-1001 :     min_control_set     |     8      |        8         |        
RUN-1001 :      min_ripple_len     |    auto    |       auto       |        
RUN-1001 :       oh2bin_ratio      |    0.08    |       0.08       |        
RUN-1001 :     opt_adder_fanout    |     on     |        on        |        
RUN-1001 :        opt_arith        |     on     |        on        |        
RUN-1001 :       opt_big_gate      |    off     |       off        |        
RUN-1001 :        opt_const        |     on     |        on        |        
RUN-1001 :      opt_const_mult     |     on     |        on        |        
RUN-1001 :       opt_lessthan      |     on     |        on        |        
RUN-1001 :         opt_mux         |    off     |       off        |        
RUN-1001 :         opt_ram         |    high    |       high       |        
RUN-1001 :      rtl_sim_model      |    off     |       off        |        
RUN-1001 :         seq_syn         |     on     |        on        |        
RUN-1001 : --------------------------------------------------------------
HDL-1007 : analyze verilog file al_ip/dds_gate.v
HDL-1007 : undeclared symbol 'open_n2', assumed default net type 'wire' in al_ip/dds_gate.v(171)
HDL-1007 : undeclared symbol 'open_n3', assumed default net type 'wire' in al_ip/dds_gate.v(178)
HDL-1007 : undeclared symbol 'open_n6', assumed default net type 'wire' in al_ip/dds_gate.v(267)
HDL-1007 : undeclared symbol 'open_n9', assumed default net type 'wire' in al_ip/dds_gate.v(272)
HDL-1007 : undeclared symbol 'open_n10', assumed default net type 'wire' in al_ip/dds_gate.v(279)
HDL-1007 : undeclared symbol 'open_n13', assumed default net type 'wire' in al_ip/dds_gate.v(368)
HDL-1007 : undeclared symbol 'open_n16', assumed default net type 'wire' in al_ip/dds_gate.v(373)
HDL-1007 : undeclared symbol 'open_n17', assumed default net type 'wire' in al_ip/dds_gate.v(555)
HDL-1007 : undeclared symbol 'open_n18', assumed default net type 'wire' in al_ip/dds_gate.v(618)
HDL-1007 : undeclared symbol 'open_n21', assumed default net type 'wire' in al_ip/dds_gate.v(623)
HDL-1007 : undeclared symbol 'open_n22', assumed default net type 'wire' in al_ip/dds_gate.v(693)
HDL-1007 : undeclared symbol 'open_n25', assumed default net type 'wire' in al_ip/dds_gate.v(698)
HDL-8007 ERROR: cannot find port 'rst_n' on this module in src/spi/spi.v(44)
RUN-1001 : Print Global Property
RUN-1001 : ---------------------------------------------------------------
RUN-1001 :        Parameters        |  Settings  |  Default Values  |  Note  
RUN-1001 : ---------------------------------------------------------------
RUN-1001 :          message         |  standard  |     standard     |        
RUN-1001 :   mixed_pack_place_flow  |     on     |        on        |        
RUN-1001 :        qor_monitor       |    off     |       off        |        
RUN-1001 :        syn_ip_flow       |    off     |       off        |        
RUN-1001 :          thread          |    auto    |       auto       |        
RUN-1001 : ---------------------------------------------------------------
RUN-1001 : Print Design Property
RUN-1001 : --------------------------------------------------------------
RUN-1001 :        Parameters       |  Settings  |  Default Values  |  Note  
RUN-1001 : --------------------------------------------------------------
RUN-1001 :   default_reg_initial   |    auto    |       auto       |        
RUN-1001 :        infer_add        |     on     |        on        |        
RUN-1001 :        infer_fsm        |    off     |       off        |        
RUN-1001 :        infer_mult       |     on     |        on        |        
RUN-1001 :        infer_ram        |     on     |        on        |        
RUN-1001 :        infer_reg        |     on     |        on        |        
RUN-1001 :   infer_reg_init_value  |     on     |        on        |        
RUN-1001 :        infer_rom        |     on     |        on        |        
RUN-1001 :      infer_shifter      |     on     |        on        |        
RUN-1001 : --------------------------------------------------------------
RUN-1001 : Print Rtl Property
RUN-1001 : --------------------------------------------------------------
RUN-1001 :        Parameters       |  Settings  |  Default Values  |  Note  
RUN-1001 : --------------------------------------------------------------
RUN-1001 :       compress_add      |   ripple   |      ripple      |        
RUN-1001 :        elf_sload        |    off     |       off        |        
RUN-1001 :       fix_undriven      |     0      |        0         |        
RUN-1001 :         flatten         |    off     |       off        |        
RUN-1001 :       gate_sharing      |     on     |        on        |        
RUN-1001 :    hdl_warning_level    |   normal   |      normal      |        
RUN-1001 :   impl_internal_tribuf  |     on     |        on        |        
RUN-1001 :      impl_set_reset     |     on     |        on        |        
RUN-1001 :        infer_gsr        |    off     |       off        |        
RUN-1001 :      keep_hierarchy     |    auto    |       auto       |        
RUN-1001 :        max_fanout       |    9999    |       9999       |        
RUN-1001 :      max_oh2bin_len     |     10     |        10        |        
RUN-1001 :       merge_equal       |     on     |        on        |        
RUN-1001 :       merge_equiv       |     on     |        on        |        
RUN-1001 :        merge_mux        |    off     |       off        |        
RUN-1001 :     min_control_set     |     8      |        8         |        
RUN-1001 :      min_ripple_len     |    auto    |       auto       |        
RUN-1001 :       oh2bin_ratio      |    0.08    |       0.08       |        
RUN-1001 :     opt_adder_fanout    |     on     |        on        |        
RUN-1001 :        opt_arith        |     on     |        on        |        
RUN-1001 :       opt_big_gate      |    off     |       off        |        
RUN-1001 :        opt_const        |     on     |        on        |        
RUN-1001 :      opt_const_mult     |     on     |        on        |        
RUN-1001 :       opt_lessthan      |     on     |        on        |        
RUN-1001 :         opt_mux         |    off     |       off        |        
RUN-1001 :         opt_ram         |    high    |       high       |        
RUN-1001 :      rtl_sim_model      |    off     |       off        |        
RUN-1001 :         seq_syn         |     on     |        on        |        
RUN-1001 : --------------------------------------------------------------
HDL-1007 : analyze verilog file al_ip/sys_pll.v
HDL-1007 : undeclared symbol 'open', assumed default net type 'wire' in al_ip/sys_pll.v(105)
HDL-1007 : analyze verilog file al_ip/dds_gate.v
HDL-1007 : undeclared symbol 'open_n2', assumed default net type 'wire' in al_ip/dds_gate.v(171)
HDL-1007 : undeclared symbol 'open_n3', assumed default net type 'wire' in al_ip/dds_gate.v(178)
HDL-1007 : undeclared symbol 'open_n6', assumed default net type 'wire' in al_ip/dds_gate.v(267)
HDL-1007 : undeclared symbol 'open_n9', assumed default net type 'wire' in al_ip/dds_gate.v(272)
HDL-1007 : undeclared symbol 'open_n10', assumed default net type 'wire' in al_ip/dds_gate.v(279)
HDL-1007 : undeclared symbol 'open_n13', assumed default net type 'wire' in al_ip/dds_gate.v(368)
HDL-1007 : undeclared symbol 'open_n16', assumed default net type 'wire' in al_ip/dds_gate.v(373)
HDL-1007 : undeclared symbol 'open_n17', assumed default net type 'wire' in al_ip/dds_gate.v(555)
HDL-1007 : undeclared symbol 'open_n18', assumed default net type 'wire' in al_ip/dds_gate.v(618)
HDL-1007 : undeclared symbol 'open_n21', assumed default net type 'wire' in al_ip/dds_gate.v(623)
HDL-1007 : undeclared symbol 'open_n22', assumed default net type 'wire' in al_ip/dds_gate.v(693)
HDL-1007 : undeclared symbol 'open_n25', assumed default net type 'wire' in al_ip/dds_gate.v(698)
HDL-1007 : analyze verilog file src/dds/dds.v
HDL-1007 : undeclared symbol 'dds_phase', assumed default net type 'wire' in src/dds/dds.v(25)
HDL-1007 : undeclared symbol 'dds_phy_phase_out', assumed default net type 'wire' in src/dds/dds.v(27)
HDL-1007 : undeclared symbol 'dds_phy_rdy', assumed default net type 'wire' in src/dds/dds.v(28)
HDL-1007 : analyze verilog file src/spi/spi.v
HDL-1007 : analyze verilog file src/spi/spi_master.v
HDL-1007 : analyze verilog file src/spi/spi_slave.v
HDL-1007 : analyze verilog file src/top.v
HDL-8007 ERROR: cannot find port 'rst_n' on this module in src/spi/spi.v(44)
HDL-8007 ERROR: cannot find port 'rst_n' on this module in src/spi/spi.v(44)
RUN-1001 : Print Global Property
RUN-1001 : ---------------------------------------------------------------
RUN-1001 :        Parameters        |  Settings  |  Default Values  |  Note  
RUN-1001 : ---------------------------------------------------------------
RUN-1001 :          message         |  standard  |     standard     |        
RUN-1001 :   mixed_pack_place_flow  |     on     |        on        |        
RUN-1001 :        qor_monitor       |    off     |       off        |        
RUN-1001 :        syn_ip_flow       |    off     |       off        |        
RUN-1001 :          thread          |    auto    |       auto       |        
RUN-1001 : ---------------------------------------------------------------
RUN-1001 : Print Design Property
RUN-1001 : --------------------------------------------------------------
RUN-1001 :        Parameters       |  Settings  |  Default Values  |  Note  
RUN-1001 : --------------------------------------------------------------
RUN-1001 :   default_reg_initial   |    auto    |       auto       |        
RUN-1001 :        infer_add        |     on     |        on        |        
RUN-1001 :        infer_fsm        |    off     |       off        |        
RUN-1001 :        infer_mult       |     on     |        on        |        
RUN-1001 :        infer_ram        |     on     |        on        |        
RUN-1001 :        infer_reg        |     on     |        on        |        
RUN-1001 :   infer_reg_init_value  |     on     |        on        |        
RUN-1001 :        infer_rom        |     on     |        on        |        
RUN-1001 :      infer_shifter      |     on     |        on        |        
RUN-1001 : --------------------------------------------------------------
RUN-1001 : Print Rtl Property
RUN-1001 : --------------------------------------------------------------
RUN-1001 :        Parameters       |  Settings  |  Default Values  |  Note  
RUN-1001 : --------------------------------------------------------------
RUN-1001 :       compress_add      |   ripple   |      ripple      |        
RUN-1001 :        elf_sload        |    off     |       off        |        
RUN-1001 :       fix_undriven      |     0      |        0         |        
RUN-1001 :         flatten         |    off     |       off        |        
RUN-1001 :       gate_sharing      |     on     |        on        |        
RUN-1001 :    hdl_warning_level    |   normal   |      normal      |        
RUN-1001 :   impl_internal_tribuf  |     on     |        on        |        
RUN-1001 :      impl_set_reset     |     on     |        on        |        
RUN-1001 :        infer_gsr        |    off     |       off        |        
RUN-1001 :      keep_hierarchy     |    auto    |       auto       |        
RUN-1001 :        max_fanout       |    9999    |       9999       |        
RUN-1001 :      max_oh2bin_len     |     10     |        10        |        
RUN-1001 :       merge_equal       |     on     |        on        |        
RUN-1001 :       merge_equiv       |     on     |        on        |        
RUN-1001 :        merge_mux        |    off     |       off        |        
RUN-1001 :     min_control_set     |     8      |        8         |        
RUN-1001 :      min_ripple_len     |    auto    |       auto       |        
RUN-1001 :       oh2bin_ratio      |    0.08    |       0.08       |        
RUN-1001 :     opt_adder_fanout    |     on     |        on        |        
RUN-1001 :        opt_arith        |     on     |        on        |        
RUN-1001 :       opt_big_gate      |    off     |       off        |        
RUN-1001 :        opt_const        |     on     |        on        |        
RUN-1001 :      opt_const_mult     |     on     |        on        |        
RUN-1001 :       opt_lessthan      |     on     |        on        |        
RUN-1001 :         opt_mux         |    off     |       off        |        
RUN-1001 :         opt_ram         |    high    |       high       |        
RUN-1001 :      rtl_sim_model      |    off     |       off        |        
RUN-1001 :         seq_syn         |     on     |        on        |        
RUN-1001 : --------------------------------------------------------------
HDL-1007 : analyze verilog file al_ip/sys_pll.v
HDL-1007 : undeclared symbol 'open', assumed default net type 'wire' in al_ip/sys_pll.v(105)
HDL-1007 : analyze verilog file src/dds/dds.v
HDL-1007 : undeclared symbol 'dds_phase', assumed default net type 'wire' in src/dds/dds.v(25)
HDL-1007 : undeclared symbol 'dds_phy_phase_out', assumed default net type 'wire' in src/dds/dds.v(27)
HDL-1007 : undeclared symbol 'dds_phy_rdy', assumed default net type 'wire' in src/dds/dds.v(28)
HDL-1007 : analyze verilog file src/spi/spi.v
HDL-1007 : analyze verilog file src/spi/spi_master.v
HDL-1007 : analyze verilog file src/spi/spi_slave.v
HDL-1007 : analyze verilog file src/top.v
HDL-8007 ERROR: cannot find port 'rst_n' on this module in src/spi/spi.v(44)
RUN-1001 : Print Global Property
RUN-1001 : ---------------------------------------------------------------
RUN-1001 :        Parameters        |  Settings  |  Default Values  |  Note  
RUN-1001 : ---------------------------------------------------------------
RUN-1001 :          message         |  standard  |     standard     |        
RUN-1001 :   mixed_pack_place_flow  |     on     |        on        |        
RUN-1001 :        qor_monitor       |    off     |       off        |        
RUN-1001 :        syn_ip_flow       |    off     |       off        |        
RUN-1001 :          thread          |    auto    |       auto       |        
RUN-1001 : ---------------------------------------------------------------
RUN-1001 : Print Design Property
RUN-1001 : --------------------------------------------------------------
RUN-1001 :        Parameters       |  Settings  |  Default Values  |  Note  
RUN-1001 : --------------------------------------------------------------
RUN-1001 :   default_reg_initial   |    auto    |       auto       |        
RUN-1001 :        infer_add        |     on     |        on        |        
RUN-1001 :        infer_fsm        |    off     |       off        |        
RUN-1001 :        infer_mult       |     on     |        on        |        
RUN-1001 :        infer_ram        |     on     |        on        |        
RUN-1001 :        infer_reg        |     on     |        on        |        
RUN-1001 :   infer_reg_init_value  |     on     |        on        |        
RUN-1001 :        infer_rom        |     on     |        on        |        
RUN-1001 :      infer_shifter      |     on     |        on        |        
RUN-1001 : --------------------------------------------------------------
RUN-1001 : Print Rtl Property
RUN-1001 : --------------------------------------------------------------
RUN-1001 :        Parameters       |  Settings  |  Default Values  |  Note  
RUN-1001 : --------------------------------------------------------------
RUN-1001 :       compress_add      |   ripple   |      ripple      |        
RUN-1001 :        elf_sload        |    off     |       off        |        
RUN-1001 :       fix_undriven      |     0      |        0         |        
RUN-1001 :         flatten         |    off     |       off        |        
RUN-1001 :       gate_sharing      |     on     |        on        |        
RUN-1001 :    hdl_warning_level    |   normal   |      normal      |        
RUN-1001 :   impl_internal_tribuf  |     on     |        on        |        
RUN-1001 :      impl_set_reset     |     on     |        on        |        
RUN-1001 :        infer_gsr        |    off     |       off        |        
RUN-1001 :      keep_hierarchy     |    auto    |       auto       |        
RUN-1001 :        max_fanout       |    9999    |       9999       |        
RUN-1001 :      max_oh2bin_len     |     10     |        10        |        
RUN-1001 :       merge_equal       |     on     |        on        |        
RUN-1001 :       merge_equiv       |     on     |        on        |        
RUN-1001 :        merge_mux        |    off     |       off        |        
RUN-1001 :     min_control_set     |     8      |        8         |        
RUN-1001 :      min_ripple_len     |    auto    |       auto       |        
RUN-1001 :       oh2bin_ratio      |    0.08    |       0.08       |        
RUN-1001 :     opt_adder_fanout    |     on     |        on        |        
RUN-1001 :        opt_arith        |     on     |        on        |        
RUN-1001 :       opt_big_gate      |    off     |       off        |        
RUN-1001 :        opt_const        |     on     |        on        |        
RUN-1001 :      opt_const_mult     |     on     |        on        |        
RUN-1001 :       opt_lessthan      |     on     |        on        |        
RUN-1001 :         opt_mux         |    off     |       off        |        
RUN-1001 :         opt_ram         |    high    |       high       |        
RUN-1001 :      rtl_sim_model      |    off     |       off        |        
RUN-1001 :         seq_syn         |     on     |        on        |        
RUN-1001 : --------------------------------------------------------------
HDL-1007 : analyze verilog file al_ip/sys_pll.v
HDL-1007 : undeclared symbol 'open', assumed default net type 'wire' in al_ip/sys_pll.v(105)
HDL-1007 : analyze verilog file src/dds/dds.v
HDL-1007 : undeclared symbol 'dds_phase', assumed default net type 'wire' in src/dds/dds.v(25)
HDL-1007 : undeclared symbol 'dds_phy_phase_out', assumed default net type 'wire' in src/dds/dds.v(27)
HDL-1007 : undeclared symbol 'dds_phy_rdy', assumed default net type 'wire' in src/dds/dds.v(28)
HDL-1007 : analyze verilog file src/spi/spi.v
HDL-1007 : analyze verilog file src/spi/spi_master.v
HDL-1007 : analyze verilog file src/spi/spi_slave.v
HDL-1007 : analyze verilog file src/top.v
HDL-8007 ERROR: cannot find port 'rst_n' on this module in src/spi/spi.v(44)
GUI-6001 WARNING: File /data/Tasks/FrequencyResponseDetector/td/al_ip/dds_gate.v does not exist!
GUI-6001 WARNING: File al_ip/dds_gate.v does not exist!
RUN-1001 : Print Global Property
RUN-1001 : ---------------------------------------------------------------
RUN-1001 :        Parameters        |  Settings  |  Default Values  |  Note  
RUN-1001 : ---------------------------------------------------------------
RUN-1001 :          message         |  standard  |     standard     |        
RUN-1001 :   mixed_pack_place_flow  |     on     |        on        |        
RUN-1001 :        qor_monitor       |    off     |       off        |        
RUN-1001 :        syn_ip_flow       |    off     |       off        |        
RUN-1001 :          thread          |    auto    |       auto       |        
RUN-1001 : ---------------------------------------------------------------
RUN-1001 : Print Design Property
RUN-1001 : --------------------------------------------------------------
RUN-1001 :        Parameters       |  Settings  |  Default Values  |  Note  
RUN-1001 : --------------------------------------------------------------
RUN-1001 :   default_reg_initial   |    auto    |       auto       |        
RUN-1001 :        infer_add        |     on     |        on        |        
RUN-1001 :        infer_fsm        |    off     |       off        |        
RUN-1001 :        infer_mult       |     on     |        on        |        
RUN-1001 :        infer_ram        |     on     |        on        |        
RUN-1001 :        infer_reg        |     on     |        on        |        
RUN-1001 :   infer_reg_init_value  |     on     |        on        |        
RUN-1001 :        infer_rom        |     on     |        on        |        
RUN-1001 :      infer_shifter      |     on     |        on        |        
RUN-1001 : --------------------------------------------------------------
RUN-1001 : Print Rtl Property
RUN-1001 : --------------------------------------------------------------
RUN-1001 :        Parameters       |  Settings  |  Default Values  |  Note  
RUN-1001 : --------------------------------------------------------------
RUN-1001 :       compress_add      |   ripple   |      ripple      |        
RUN-1001 :        elf_sload        |    off     |       off        |        
RUN-1001 :       fix_undriven      |     0      |        0         |        
RUN-1001 :         flatten         |    off     |       off        |        
RUN-1001 :       gate_sharing      |     on     |        on        |        
RUN-1001 :    hdl_warning_level    |   normal   |      normal      |        
RUN-1001 :   impl_internal_tribuf  |     on     |        on        |        
RUN-1001 :      impl_set_reset     |     on     |        on        |        
RUN-1001 :        infer_gsr        |    off     |       off        |        
RUN-1001 :      keep_hierarchy     |    auto    |       auto       |        
RUN-1001 :        max_fanout       |    9999    |       9999       |        
RUN-1001 :      max_oh2bin_len     |     10     |        10        |        
RUN-1001 :       merge_equal       |     on     |        on        |        
RUN-1001 :       merge_equiv       |     on     |        on        |        
RUN-1001 :        merge_mux        |    off     |       off        |        
RUN-1001 :     min_control_set     |     8      |        8         |        
RUN-1001 :      min_ripple_len     |    auto    |       auto       |        
RUN-1001 :       oh2bin_ratio      |    0.08    |       0.08       |        
RUN-1001 :     opt_adder_fanout    |     on     |        on        |        
RUN-1001 :        opt_arith        |     on     |        on        |        
RUN-1001 :       opt_big_gate      |    off     |       off        |        
RUN-1001 :        opt_const        |     on     |        on        |        
RUN-1001 :      opt_const_mult     |     on     |        on        |        
RUN-1001 :       opt_lessthan      |     on     |        on        |        
RUN-1001 :         opt_mux         |    off     |       off        |        
RUN-1001 :         opt_ram         |    high    |       high       |        
RUN-1001 :      rtl_sim_model      |    off     |       off        |        
RUN-1001 :         seq_syn         |     on     |        on        |        
RUN-1001 : --------------------------------------------------------------
HDL-1007 : analyze verilog file al_ip/dds_phy_gate.v
HDL-1007 : undeclared symbol 'open_n2', assumed default net type 'wire' in al_ip/dds_phy_gate.v(171)
HDL-1007 : undeclared symbol 'open_n3', assumed default net type 'wire' in al_ip/dds_phy_gate.v(178)
HDL-1007 : undeclared symbol 'open_n6', assumed default net type 'wire' in al_ip/dds_phy_gate.v(267)
HDL-1007 : undeclared symbol 'open_n9', assumed default net type 'wire' in al_ip/dds_phy_gate.v(272)
HDL-1007 : undeclared symbol 'open_n10', assumed default net type 'wire' in al_ip/dds_phy_gate.v(279)
HDL-1007 : undeclared symbol 'open_n11', assumed default net type 'wire' in al_ip/dds_phy_gate.v(356)
HDL-1007 : undeclared symbol 'open_n14', assumed default net type 'wire' in al_ip/dds_phy_gate.v(361)
HDL-1007 : undeclared symbol 'open_n15', assumed default net type 'wire' in al_ip/dds_phy_gate.v(368)
HDL-1007 : undeclared symbol 'open_n18', assumed default net type 'wire' in al_ip/dds_phy_gate.v(457)
HDL-1007 : undeclared symbol 'open_n21', assumed default net type 'wire' in al_ip/dds_phy_gate.v(462)
HDL-1007 : undeclared symbol 'open_n22', assumed default net type 'wire' in al_ip/dds_phy_gate.v(518)
HDL-1007 : undeclared symbol 'open_n23', assumed default net type 'wire' in al_ip/dds_phy_gate.v(609)
HDL-1007 : undeclared symbol 'open_n26', assumed default net type 'wire' in al_ip/dds_phy_gate.v(614)
HDL-1007 : undeclared symbol 'open_n27', assumed default net type 'wire' in al_ip/dds_phy_gate.v(698)
HDL-1007 : undeclared symbol 'open_n30', assumed default net type 'wire' in al_ip/dds_phy_gate.v(703)
HDL-8007 ERROR: cannot find port 'rst_n' on this module in src/spi/spi.v(44)
RUN-1001 : Print Global Property
RUN-1001 : ---------------------------------------------------------------
RUN-1001 :        Parameters        |  Settings  |  Default Values  |  Note  
RUN-1001 : ---------------------------------------------------------------
RUN-1001 :          message         |  standard  |     standard     |        
RUN-1001 :   mixed_pack_place_flow  |     on     |        on        |        
RUN-1001 :        qor_monitor       |    off     |       off        |        
RUN-1001 :        syn_ip_flow       |    off     |       off        |        
RUN-1001 :          thread          |    auto    |       auto       |        
RUN-1001 : ---------------------------------------------------------------
RUN-1001 : Print Design Property
RUN-1001 : --------------------------------------------------------------
RUN-1001 :        Parameters       |  Settings  |  Default Values  |  Note  
RUN-1001 : --------------------------------------------------------------
RUN-1001 :   default_reg_initial   |    auto    |       auto       |        
RUN-1001 :        infer_add        |     on     |        on        |        
RUN-1001 :        infer_fsm        |    off     |       off        |        
RUN-1001 :        infer_mult       |     on     |        on        |        
RUN-1001 :        infer_ram        |     on     |        on        |        
RUN-1001 :        infer_reg        |     on     |        on        |        
RUN-1001 :   infer_reg_init_value  |     on     |        on        |        
RUN-1001 :        infer_rom        |     on     |        on        |        
RUN-1001 :      infer_shifter      |     on     |        on        |        
RUN-1001 : --------------------------------------------------------------
RUN-1001 : Print Rtl Property
RUN-1001 : --------------------------------------------------------------
RUN-1001 :        Parameters       |  Settings  |  Default Values  |  Note  
RUN-1001 : --------------------------------------------------------------
RUN-1001 :       compress_add      |   ripple   |      ripple      |        
RUN-1001 :        elf_sload        |    off     |       off        |        
RUN-1001 :       fix_undriven      |     0      |        0         |        
RUN-1001 :         flatten         |    off     |       off        |        
RUN-1001 :       gate_sharing      |     on     |        on        |        
RUN-1001 :    hdl_warning_level    |   normal   |      normal      |        
RUN-1001 :   impl_internal_tribuf  |     on     |        on        |        
RUN-1001 :      impl_set_reset     |     on     |        on        |        
RUN-1001 :        infer_gsr        |    off     |       off        |        
RUN-1001 :      keep_hierarchy     |    auto    |       auto       |        
RUN-1001 :        max_fanout       |    9999    |       9999       |        
RUN-1001 :      max_oh2bin_len     |     10     |        10        |        
RUN-1001 :       merge_equal       |     on     |        on        |        
RUN-1001 :       merge_equiv       |     on     |        on        |        
RUN-1001 :        merge_mux        |    off     |       off        |        
RUN-1001 :     min_control_set     |     8      |        8         |        
RUN-1001 :      min_ripple_len     |    auto    |       auto       |        
RUN-1001 :       oh2bin_ratio      |    0.08    |       0.08       |        
RUN-1001 :     opt_adder_fanout    |     on     |        on        |        
RUN-1001 :        opt_arith        |     on     |        on        |        
RUN-1001 :       opt_big_gate      |    off     |       off        |        
RUN-1001 :        opt_const        |     on     |        on        |        
RUN-1001 :      opt_const_mult     |     on     |        on        |        
RUN-1001 :       opt_lessthan      |     on     |        on        |        
RUN-1001 :         opt_mux         |    off     |       off        |        
RUN-1001 :         opt_ram         |    high    |       high       |        
RUN-1001 :      rtl_sim_model      |    off     |       off        |        
RUN-1001 :         seq_syn         |     on     |        on        |        
RUN-1001 : --------------------------------------------------------------
HDL-1007 : analyze verilog file al_ip/sys_pll.v
HDL-1007 : undeclared symbol 'open', assumed default net type 'wire' in al_ip/sys_pll.v(105)
HDL-1007 : analyze verilog file al_ip/dds_phy_gate.v
HDL-1007 : undeclared symbol 'open_n2', assumed default net type 'wire' in al_ip/dds_phy_gate.v(171)
HDL-1007 : undeclared symbol 'open_n3', assumed default net type 'wire' in al_ip/dds_phy_gate.v(178)
HDL-1007 : undeclared symbol 'open_n6', assumed default net type 'wire' in al_ip/dds_phy_gate.v(267)
HDL-1007 : undeclared symbol 'open_n9', assumed default net type 'wire' in al_ip/dds_phy_gate.v(272)
HDL-1007 : undeclared symbol 'open_n10', assumed default net type 'wire' in al_ip/dds_phy_gate.v(279)
HDL-1007 : undeclared symbol 'open_n11', assumed default net type 'wire' in al_ip/dds_phy_gate.v(356)
HDL-1007 : undeclared symbol 'open_n14', assumed default net type 'wire' in al_ip/dds_phy_gate.v(361)
HDL-1007 : undeclared symbol 'open_n15', assumed default net type 'wire' in al_ip/dds_phy_gate.v(368)
HDL-1007 : undeclared symbol 'open_n18', assumed default net type 'wire' in al_ip/dds_phy_gate.v(457)
HDL-1007 : undeclared symbol 'open_n21', assumed default net type 'wire' in al_ip/dds_phy_gate.v(462)
HDL-1007 : undeclared symbol 'open_n22', assumed default net type 'wire' in al_ip/dds_phy_gate.v(518)
HDL-1007 : undeclared symbol 'open_n23', assumed default net type 'wire' in al_ip/dds_phy_gate.v(609)
HDL-1007 : undeclared symbol 'open_n26', assumed default net type 'wire' in al_ip/dds_phy_gate.v(614)
HDL-1007 : undeclared symbol 'open_n27', assumed default net type 'wire' in al_ip/dds_phy_gate.v(698)
HDL-1007 : undeclared symbol 'open_n30', assumed default net type 'wire' in al_ip/dds_phy_gate.v(703)
HDL-1007 : analyze verilog file src/dds/dds.v
HDL-1007 : analyze verilog file src/spi/spi.v
HDL-1007 : analyze verilog file src/spi/spi_master.v
HDL-1007 : analyze verilog file src/spi/spi_slave.v
HDL-1007 : analyze verilog file src/top.v
HDL-8007 ERROR: cannot find port 'rst_n' on this module in src/spi/spi.v(44)
RUN-1001 : Print Global Property
RUN-1001 : ---------------------------------------------------------------
RUN-1001 :        Parameters        |  Settings  |  Default Values  |  Note  
RUN-1001 : ---------------------------------------------------------------
RUN-1001 :          message         |  standard  |     standard     |        
RUN-1001 :   mixed_pack_place_flow  |     on     |        on        |        
RUN-1001 :        qor_monitor       |    off     |       off        |        
RUN-1001 :        syn_ip_flow       |    off     |       off        |        
RUN-1001 :          thread          |    auto    |       auto       |        
RUN-1001 : ---------------------------------------------------------------
RUN-1001 : Print Design Property
RUN-1001 : --------------------------------------------------------------
RUN-1001 :        Parameters       |  Settings  |  Default Values  |  Note  
RUN-1001 : --------------------------------------------------------------
RUN-1001 :   default_reg_initial   |    auto    |       auto       |        
RUN-1001 :        infer_add        |     on     |        on        |        
RUN-1001 :        infer_fsm        |    off     |       off        |        
RUN-1001 :        infer_mult       |     on     |        on        |        
RUN-1001 :        infer_ram        |     on     |        on        |        
RUN-1001 :        infer_reg        |     on     |        on        |        
RUN-1001 :   infer_reg_init_value  |     on     |        on        |        
RUN-1001 :        infer_rom        |     on     |        on        |        
RUN-1001 :      infer_shifter      |     on     |        on        |        
RUN-1001 : --------------------------------------------------------------
RUN-1001 : Print Rtl Property
RUN-1001 : --------------------------------------------------------------
RUN-1001 :        Parameters       |  Settings  |  Default Values  |  Note  
RUN-1001 : --------------------------------------------------------------
RUN-1001 :       compress_add      |   ripple   |      ripple      |        
RUN-1001 :        elf_sload        |    off     |       off        |        
RUN-1001 :       fix_undriven      |     0      |        0         |        
RUN-1001 :         flatten         |    off     |       off        |        
RUN-1001 :       gate_sharing      |     on     |        on        |        
RUN-1001 :    hdl_warning_level    |   normal   |      normal      |        
RUN-1001 :   impl_internal_tribuf  |     on     |        on        |        
RUN-1001 :      impl_set_reset     |     on     |        on        |        
RUN-1001 :        infer_gsr        |    off     |       off        |        
RUN-1001 :      keep_hierarchy     |    auto    |       auto       |        
RUN-1001 :        max_fanout       |    9999    |       9999       |        
RUN-1001 :      max_oh2bin_len     |     10     |        10        |        
RUN-1001 :       merge_equal       |     on     |        on        |        
RUN-1001 :       merge_equiv       |     on     |        on        |        
RUN-1001 :        merge_mux        |    off     |       off        |        
RUN-1001 :     min_control_set     |     8      |        8         |        
RUN-1001 :      min_ripple_len     |    auto    |       auto       |        
RUN-1001 :       oh2bin_ratio      |    0.08    |       0.08       |        
RUN-1001 :     opt_adder_fanout    |     on     |        on        |        
RUN-1001 :        opt_arith        |     on     |        on        |        
RUN-1001 :       opt_big_gate      |    off     |       off        |        
RUN-1001 :        opt_const        |     on     |        on        |        
RUN-1001 :      opt_const_mult     |     on     |        on        |        
RUN-1001 :       opt_lessthan      |     on     |        on        |        
RUN-1001 :         opt_mux         |    off     |       off        |        
RUN-1001 :         opt_ram         |    high    |       high       |        
RUN-1001 :      rtl_sim_model      |    off     |       off        |        
RUN-1001 :         seq_syn         |     on     |        on        |        
RUN-1001 : --------------------------------------------------------------
HDL-1007 : analyze verilog file al_ip/sys_pll.v
HDL-1007 : undeclared symbol 'open', assumed default net type 'wire' in al_ip/sys_pll.v(105)
HDL-1007 : analyze verilog file al_ip/dds_phy_gate.v
HDL-1007 : undeclared symbol 'open_n2', assumed default net type 'wire' in al_ip/dds_phy_gate.v(171)
HDL-1007 : undeclared symbol 'open_n3', assumed default net type 'wire' in al_ip/dds_phy_gate.v(178)
HDL-1007 : undeclared symbol 'open_n6', assumed default net type 'wire' in al_ip/dds_phy_gate.v(267)
HDL-1007 : undeclared symbol 'open_n9', assumed default net type 'wire' in al_ip/dds_phy_gate.v(272)
HDL-1007 : undeclared symbol 'open_n10', assumed default net type 'wire' in al_ip/dds_phy_gate.v(279)
HDL-1007 : undeclared symbol 'open_n11', assumed default net type 'wire' in al_ip/dds_phy_gate.v(356)
HDL-1007 : undeclared symbol 'open_n14', assumed default net type 'wire' in al_ip/dds_phy_gate.v(361)
HDL-1007 : undeclared symbol 'open_n15', assumed default net type 'wire' in al_ip/dds_phy_gate.v(368)
HDL-1007 : undeclared symbol 'open_n18', assumed default net type 'wire' in al_ip/dds_phy_gate.v(457)
HDL-1007 : undeclared symbol 'open_n21', assumed default net type 'wire' in al_ip/dds_phy_gate.v(462)
HDL-1007 : undeclared symbol 'open_n22', assumed default net type 'wire' in al_ip/dds_phy_gate.v(518)
HDL-1007 : undeclared symbol 'open_n23', assumed default net type 'wire' in al_ip/dds_phy_gate.v(609)
HDL-1007 : undeclared symbol 'open_n26', assumed default net type 'wire' in al_ip/dds_phy_gate.v(614)
HDL-1007 : undeclared symbol 'open_n27', assumed default net type 'wire' in al_ip/dds_phy_gate.v(698)
HDL-1007 : undeclared symbol 'open_n30', assumed default net type 'wire' in al_ip/dds_phy_gate.v(703)
HDL-1007 : analyze verilog file src/dds/dds.v
HDL-1007 : analyze verilog file src/spi/spi.v
HDL-1007 : analyze verilog file src/spi/spi_master.v
HDL-1007 : analyze verilog file src/spi/spi_slave.v
HDL-1007 : analyze verilog file src/top.v
HDL-8007 ERROR: cannot find port 'rst_n' on this module in src/spi/spi.v(43)
RUN-1001 : reset_run phy_1.
RUN-1001 : launch_runs syn_1 -step read_design.
RUN-1001 : reset_run phy_1.
RUN-6001 WARNING: syn_1: run failed.
RUN-1001 : Print Global Property
RUN-1001 : ---------------------------------------------------------------
RUN-1001 :        Parameters        |  Settings  |  Default Values  |  Note  
RUN-1001 : ---------------------------------------------------------------
RUN-1001 :          message         |  standard  |     standard     |        
RUN-1001 :   mixed_pack_place_flow  |     on     |        on        |        
RUN-1001 :        qor_monitor       |    off     |       off        |        
RUN-1001 :        syn_ip_flow       |    off     |       off        |        
RUN-1001 :          thread          |    auto    |       auto       |        
RUN-1001 : ---------------------------------------------------------------
RUN-1001 : Print Design Property
RUN-1001 : --------------------------------------------------------------
RUN-1001 :        Parameters       |  Settings  |  Default Values  |  Note  
RUN-1001 : --------------------------------------------------------------
RUN-1001 :   default_reg_initial   |    auto    |       auto       |        
RUN-1001 :        infer_add        |     on     |        on        |        
RUN-1001 :        infer_fsm        |    off     |       off        |        
RUN-1001 :        infer_mult       |     on     |        on        |        
RUN-1001 :        infer_ram        |     on     |        on        |        
RUN-1001 :        infer_reg        |     on     |        on        |        
RUN-1001 :   infer_reg_init_value  |     on     |        on        |        
RUN-1001 :        infer_rom        |     on     |        on        |        
RUN-1001 :      infer_shifter      |     on     |        on        |        
RUN-1001 : --------------------------------------------------------------
RUN-1001 : Print Rtl Property
RUN-1001 : --------------------------------------------------------------
RUN-1001 :        Parameters       |  Settings  |  Default Values  |  Note  
RUN-1001 : --------------------------------------------------------------
RUN-1001 :       compress_add      |   ripple   |      ripple      |        
RUN-1001 :        elf_sload        |    off     |       off        |        
RUN-1001 :       fix_undriven      |     0      |        0         |        
RUN-1001 :         flatten         |    off     |       off        |        
RUN-1001 :       gate_sharing      |     on     |        on        |        
RUN-1001 :    hdl_warning_level    |   normal   |      normal      |        
RUN-1001 :   impl_internal_tribuf  |     on     |        on        |        
RUN-1001 :      impl_set_reset     |     on     |        on        |        
RUN-1001 :        infer_gsr        |    off     |       off        |        
RUN-1001 :      keep_hierarchy     |    auto    |       auto       |        
RUN-1001 :        max_fanout       |    9999    |       9999       |        
RUN-1001 :      max_oh2bin_len     |     10     |        10        |        
RUN-1001 :       merge_equal       |     on     |        on        |        
RUN-1001 :       merge_equiv       |     on     |        on        |        
RUN-1001 :        merge_mux        |    off     |       off        |        
RUN-1001 :     min_control_set     |     8      |        8         |        
RUN-1001 :      min_ripple_len     |    auto    |       auto       |        
RUN-1001 :       oh2bin_ratio      |    0.08    |       0.08       |        
RUN-1001 :     opt_adder_fanout    |     on     |        on        |        
RUN-1001 :        opt_arith        |     on     |        on        |        
RUN-1001 :       opt_big_gate      |    off     |       off        |        
RUN-1001 :        opt_const        |     on     |        on        |        
RUN-1001 :      opt_const_mult     |     on     |        on        |        
RUN-1001 :       opt_lessthan      |     on     |        on        |        
RUN-1001 :         opt_mux         |    off     |       off        |        
RUN-1001 :         opt_ram         |    high    |       high       |        
RUN-1001 :      rtl_sim_model      |    off     |       off        |        
RUN-1001 :         seq_syn         |     on     |        on        |        
RUN-1001 : --------------------------------------------------------------
HDL-1007 : analyze verilog file al_ip/sys_pll.v
HDL-1007 : undeclared symbol 'open', assumed default net type 'wire' in al_ip/sys_pll.v(105)
HDL-1007 : analyze verilog file al_ip/dds_phy_gate.v
HDL-1007 : undeclared symbol 'open_n2', assumed default net type 'wire' in al_ip/dds_phy_gate.v(171)
HDL-1007 : undeclared symbol 'open_n3', assumed default net type 'wire' in al_ip/dds_phy_gate.v(178)
HDL-1007 : undeclared symbol 'open_n6', assumed default net type 'wire' in al_ip/dds_phy_gate.v(267)
HDL-1007 : undeclared symbol 'open_n9', assumed default net type 'wire' in al_ip/dds_phy_gate.v(272)
HDL-1007 : undeclared symbol 'open_n10', assumed default net type 'wire' in al_ip/dds_phy_gate.v(279)
HDL-1007 : undeclared symbol 'open_n11', assumed default net type 'wire' in al_ip/dds_phy_gate.v(356)
HDL-1007 : undeclared symbol 'open_n14', assumed default net type 'wire' in al_ip/dds_phy_gate.v(361)
HDL-1007 : undeclared symbol 'open_n15', assumed default net type 'wire' in al_ip/dds_phy_gate.v(368)
HDL-1007 : undeclared symbol 'open_n18', assumed default net type 'wire' in al_ip/dds_phy_gate.v(457)
HDL-1007 : undeclared symbol 'open_n21', assumed default net type 'wire' in al_ip/dds_phy_gate.v(462)
HDL-1007 : undeclared symbol 'open_n22', assumed default net type 'wire' in al_ip/dds_phy_gate.v(518)
HDL-1007 : undeclared symbol 'open_n23', assumed default net type 'wire' in al_ip/dds_phy_gate.v(609)
HDL-1007 : undeclared symbol 'open_n26', assumed default net type 'wire' in al_ip/dds_phy_gate.v(614)
HDL-1007 : undeclared symbol 'open_n27', assumed default net type 'wire' in al_ip/dds_phy_gate.v(698)
HDL-1007 : undeclared symbol 'open_n30', assumed default net type 'wire' in al_ip/dds_phy_gate.v(703)
HDL-1007 : analyze verilog file src/dds/dds.v
HDL-1007 : analyze verilog file src/spi/spi.v
HDL-1007 : analyze verilog file src/spi/spi_master.v
HDL-1007 : analyze verilog file src/spi/spi_slave.v
HDL-1007 : analyze verilog file src/top.v
HDL-8007 ERROR: cannot find port 'rst_n' on this module in src/spi/spi.v(43)
RUN-1001 : Print Global Property
RUN-1001 : ---------------------------------------------------------------
RUN-1001 :        Parameters        |  Settings  |  Default Values  |  Note  
RUN-1001 : ---------------------------------------------------------------
RUN-1001 :          message         |  standard  |     standard     |        
RUN-1001 :   mixed_pack_place_flow  |     on     |        on        |        
RUN-1001 :        qor_monitor       |    off     |       off        |        
RUN-1001 :        syn_ip_flow       |    off     |       off        |        
RUN-1001 :          thread          |    auto    |       auto       |        
RUN-1001 : ---------------------------------------------------------------
RUN-1001 : Print Design Property
RUN-1001 : --------------------------------------------------------------
RUN-1001 :        Parameters       |  Settings  |  Default Values  |  Note  
RUN-1001 : --------------------------------------------------------------
RUN-1001 :   default_reg_initial   |    auto    |       auto       |        
RUN-1001 :        infer_add        |     on     |        on        |        
RUN-1001 :        infer_fsm        |    off     |       off        |        
RUN-1001 :        infer_mult       |     on     |        on        |        
RUN-1001 :        infer_ram        |     on     |        on        |        
RUN-1001 :        infer_reg        |     on     |        on        |        
RUN-1001 :   infer_reg_init_value  |     on     |        on        |        
RUN-1001 :        infer_rom        |     on     |        on        |        
RUN-1001 :      infer_shifter      |     on     |        on        |        
RUN-1001 : --------------------------------------------------------------
RUN-1001 : Print Rtl Property
RUN-1001 : --------------------------------------------------------------
RUN-1001 :        Parameters       |  Settings  |  Default Values  |  Note  
RUN-1001 : --------------------------------------------------------------
RUN-1001 :       compress_add      |   ripple   |      ripple      |        
RUN-1001 :        elf_sload        |    off     |       off        |        
RUN-1001 :       fix_undriven      |     0      |        0         |        
RUN-1001 :         flatten         |    off     |       off        |        
RUN-1001 :       gate_sharing      |     on     |        on        |        
RUN-1001 :    hdl_warning_level    |   normal   |      normal      |        
RUN-1001 :   impl_internal_tribuf  |     on     |        on        |        
RUN-1001 :      impl_set_reset     |     on     |        on        |        
RUN-1001 :        infer_gsr        |    off     |       off        |        
RUN-1001 :      keep_hierarchy     |    auto    |       auto       |        
RUN-1001 :        max_fanout       |    9999    |       9999       |        
RUN-1001 :      max_oh2bin_len     |     10     |        10        |        
RUN-1001 :       merge_equal       |     on     |        on        |        
RUN-1001 :       merge_equiv       |     on     |        on        |        
RUN-1001 :        merge_mux        |    off     |       off        |        
RUN-1001 :     min_control_set     |     8      |        8         |        
RUN-1001 :      min_ripple_len     |    auto    |       auto       |        
RUN-1001 :       oh2bin_ratio      |    0.08    |       0.08       |        
RUN-1001 :     opt_adder_fanout    |     on     |        on        |        
RUN-1001 :        opt_arith        |     on     |        on        |        
RUN-1001 :       opt_big_gate      |    off     |       off        |        
RUN-1001 :        opt_const        |     on     |        on        |        
RUN-1001 :      opt_const_mult     |     on     |        on        |        
RUN-1001 :       opt_lessthan      |     on     |        on        |        
RUN-1001 :         opt_mux         |    off     |       off        |        
RUN-1001 :         opt_ram         |    high    |       high       |        
RUN-1001 :      rtl_sim_model      |    off     |       off        |        
RUN-1001 :         seq_syn         |     on     |        on        |        
RUN-1001 : --------------------------------------------------------------
HDL-1007 : analyze verilog file al_ip/sys_pll.v
HDL-1007 : undeclared symbol 'open', assumed default net type 'wire' in al_ip/sys_pll.v(105)
HDL-1007 : analyze verilog file al_ip/dds_phy_gate.v
HDL-1007 : undeclared symbol 'open_n2', assumed default net type 'wire' in al_ip/dds_phy_gate.v(171)
HDL-1007 : undeclared symbol 'open_n3', assumed default net type 'wire' in al_ip/dds_phy_gate.v(178)
HDL-1007 : undeclared symbol 'open_n6', assumed default net type 'wire' in al_ip/dds_phy_gate.v(267)
HDL-1007 : undeclared symbol 'open_n9', assumed default net type 'wire' in al_ip/dds_phy_gate.v(272)
HDL-1007 : undeclared symbol 'open_n10', assumed default net type 'wire' in al_ip/dds_phy_gate.v(279)
HDL-1007 : undeclared symbol 'open_n11', assumed default net type 'wire' in al_ip/dds_phy_gate.v(356)
HDL-1007 : undeclared symbol 'open_n14', assumed default net type 'wire' in al_ip/dds_phy_gate.v(361)
HDL-1007 : undeclared symbol 'open_n15', assumed default net type 'wire' in al_ip/dds_phy_gate.v(368)
HDL-1007 : undeclared symbol 'open_n18', assumed default net type 'wire' in al_ip/dds_phy_gate.v(457)
HDL-1007 : undeclared symbol 'open_n21', assumed default net type 'wire' in al_ip/dds_phy_gate.v(462)
HDL-1007 : undeclared symbol 'open_n22', assumed default net type 'wire' in al_ip/dds_phy_gate.v(518)
HDL-1007 : undeclared symbol 'open_n23', assumed default net type 'wire' in al_ip/dds_phy_gate.v(609)
HDL-1007 : undeclared symbol 'open_n26', assumed default net type 'wire' in al_ip/dds_phy_gate.v(614)
HDL-1007 : undeclared symbol 'open_n27', assumed default net type 'wire' in al_ip/dds_phy_gate.v(698)
HDL-1007 : undeclared symbol 'open_n30', assumed default net type 'wire' in al_ip/dds_phy_gate.v(703)
HDL-1007 : analyze verilog file src/dds/dds.v
HDL-1007 : analyze verilog file src/spi/spi.v
HDL-1007 : analyze verilog file src/spi/spi_master.v
HDL-1007 : analyze verilog file src/spi/spi_slave.v
HDL-1007 : analyze verilog file src/top.v
RUN-1001 : reset_run syn_1.
RUN-1001 : reset_run phy_1.
RUN-1001 : launch_runs syn_1 -step read_design.
RUN-1001 : reset_run phy_1.
RUN-6001 WARNING: syn_1: run failed.
HDL-1007 : analyze verilog file src/spi/spi.v
RUN-1001 : reset_run syn_1.
RUN-1001 : reset_run phy_1.
RUN-1001 : launch_runs syn_1 -step read_design.
RUN-1001 : reset_run phy_1.
RUN-1001 : syn_1: run complete.
RUN-1001 : open_run syn_1.
RUN-1002 : start command "import_db /data/Tasks/FrequencyResponseDetector/td/FrequencyResponseDetector_Runs/syn_1/FrequencyResponseDetector_elaborate.db"
RUN-1001 : Importing database generated by Tang Dynasty, V5.6.71036.
RUN-1001 : Database version number 46146.
RUN-1001 : Import flow parameters
RUN-1001 : Import IO constraints
RUN-1001 : Import Inst constraints
RUN-1001 : Import design success TD_VERSION=5.6.71036 , DB_VERSION=46146
HDL-1007 : analyze verilog file src/dds/dds.v
HDL-8007 ERROR: cannot find port 'phase_difference' on this module in src/top.v(98)
HDL-1007 : analyze verilog file src/dds/dds.v
HDL-1007 : analyze verilog file src/spi/spi.v
HDL-1007 : analyze verilog file src/top.v
RUN-1001 : reset_run syn_1.
RUN-1001 : reset_run phy_1.
RUN-1001 : launch_runs syn_1 -step read_design.
RUN-1001 : reset_run phy_1.
RUN-1001 : syn_1: run complete.
RUN-1001 : open_run syn_1.
RUN-1002 : start command "import_db /data/Tasks/FrequencyResponseDetector/td/FrequencyResponseDetector_Runs/syn_1/FrequencyResponseDetector_elaborate.db"
RUN-1001 : Importing database generated by Tang Dynasty, V5.6.71036.
RUN-1001 : Database version number 46146.
RUN-1001 : Import flow parameters
RUN-1001 : Import IO constraints
RUN-1001 : Import Inst constraints
RUN-1001 : Import design success TD_VERSION=5.6.71036 , DB_VERSION=46146
RUN-1001 : reset_run syn_1.
RUN-1001 : launch_runs syn_1 -step opt_gate.
RUN-1001 : reset_run phy_1.
RUN-1001 : syn_1: run complete.
RUN-1001 : open_run syn_1.
RUN-1002 : start command "import_db /data/Tasks/FrequencyResponseDetector/td/FrequencyResponseDetector_Runs/syn_1/FrequencyResponseDetector_gate.db"
RUN-1001 : Importing database generated by Tang Dynasty, V5.6.71036.
RUN-1001 : Database version number 46146.
RUN-1001 : Import flow parameters
RUN-1001 : Import IO constraints
RUN-1001 : Import Inst constraints
RUN-1001 : Import design success TD_VERSION=5.6.71036 , DB_VERSION=46146
RUN-1001 : reset_run syn_1.
RUN-1001 : launch_runs syn_1 -step opt_gate.
RUN-1001 : reset_run phy_1.
RUN-1001 : syn_1: run complete.
RUN-1001 : open_run syn_1.
RUN-1002 : start command "import_db /data/Tasks/FrequencyResponseDetector/td/FrequencyResponseDetector_Runs/syn_1/FrequencyResponseDetector_gate.db"
RUN-1001 : Importing database generated by Tang Dynasty, V5.6.71036.
RUN-1001 : Database version number 46146.
RUN-1001 : Import flow parameters
RUN-1001 : Import IO constraints
RUN-1001 : Import Inst constraints
RUN-1001 : Import design success TD_VERSION=5.6.71036 , DB_VERSION=46146
GUI-5004 WARNING: adc_clk_1 has not been assigned a location ...
GUI-5004 WARNING: adc_clk_2 has not been assigned a location ...
GUI-5004 WARNING: adc_data_1[11] has not been assigned a location ...
GUI-5004 WARNING: adc_data_1[10] has not been assigned a location ...
GUI-5004 WARNING: adc_data_1[9] has not been assigned a location ...
GUI-5004 WARNING: adc_data_1[8] has not been assigned a location ...
GUI-5004 WARNING: adc_data_1[7] has not been assigned a location ...
GUI-5004 WARNING: adc_data_1[6] has not been assigned a location ...
GUI-5004 WARNING: adc_data_1[5] has not been assigned a location ...
GUI-5004 WARNING: adc_data_1[4] has not been assigned a location ...
GUI-5004 Similar messages will be suppressed.
RUN-1001 : reset_run syn_1.
RUN-1001 : launch_runs syn_1 -step opt_gate.
RUN-1001 : reset_run phy_1.
RUN-1001 : syn_1: run complete.
RUN-1001 : open_run syn_1.
RUN-1002 : start command "import_db /data/Tasks/FrequencyResponseDetector/td/FrequencyResponseDetector_Runs/syn_1/FrequencyResponseDetector_gate.db"
RUN-1001 : Importing database generated by Tang Dynasty, V5.6.71036.
RUN-1001 : Database version number 46146.
RUN-1001 : Import flow parameters
RUN-1001 : Import IO constraints
RUN-1001 : Import Inst constraints
RUN-1001 : Import design success TD_VERSION=5.6.71036 , DB_VERSION=46146
GUI-5004 WARNING: adc_clk_1 has not been assigned a location ...
GUI-5004 WARNING: adc_clk_2 has not been assigned a location ...
GUI-5004 WARNING: adc_data_1[11] has not been assigned a location ...
GUI-5004 WARNING: adc_data_1[10] has not been assigned a location ...
GUI-5004 WARNING: adc_data_1[9] has not been assigned a location ...
GUI-5004 WARNING: adc_data_1[8] has not been assigned a location ...
GUI-5004 WARNING: adc_data_1[7] has not been assigned a location ...
GUI-5004 WARNING: adc_data_1[6] has not been assigned a location ...
GUI-5004 WARNING: adc_data_1[5] has not been assigned a location ...
GUI-5004 WARNING: adc_data_1[4] has not been assigned a location ...
GUI-5004 Similar messages will be suppressed.
RUN-1001 : reset_run syn_1.
RUN-1001 : launch_runs syn_1 -step opt_gate.
RUN-1001 : reset_run phy_1.
RUN-1001 : syn_1: run complete.
RUN-1001 : open_run syn_1.
RUN-1002 : start command "import_db /data/Tasks/FrequencyResponseDetector/td/FrequencyResponseDetector_Runs/syn_1/FrequencyResponseDetector_gate.db"
RUN-1001 : Importing database generated by Tang Dynasty, V5.6.71036.
RUN-1001 : Database version number 46146.
RUN-1001 : Import flow parameters
RUN-1001 : Import IO constraints
RUN-1001 : Import Inst constraints
RUN-1001 : Import design success TD_VERSION=5.6.71036 , DB_VERSION=46146
GUI-5004 WARNING: adc_clk_1 has not been assigned a location ...
GUI-5004 WARNING: adc_data_1[11] has not been assigned a location ...
GUI-5004 WARNING: adc_data_1[10] has not been assigned a location ...
GUI-5004 WARNING: adc_data_1[9] has not been assigned a location ...
GUI-5004 WARNING: adc_data_1[8] has not been assigned a location ...
GUI-5004 WARNING: adc_data_1[7] has not been assigned a location ...
GUI-5004 WARNING: adc_data_1[6] has not been assigned a location ...
GUI-5004 WARNING: adc_data_1[5] has not been assigned a location ...
GUI-5004 WARNING: adc_data_1[4] has not been assigned a location ...
GUI-5004 WARNING: adc_data_1[3] has not been assigned a location ...
GUI-5004 Similar messages will be suppressed.
RUN-1001 : reset_run syn_1.
RUN-1001 : launch_runs syn_1 -step opt_gate.
RUN-1001 : reset_run phy_1.
RUN-1001 : syn_1: run complete.
RUN-1001 : open_run syn_1.
RUN-1002 : start command "import_db /data/Tasks/FrequencyResponseDetector/td/FrequencyResponseDetector_Runs/syn_1/FrequencyResponseDetector_gate.db"
RUN-1001 : Importing database generated by Tang Dynasty, V5.6.71036.
RUN-1001 : Database version number 46146.
RUN-1001 : Import flow parameters
RUN-1001 : Import IO constraints
RUN-1001 : Import Inst constraints
RUN-1001 : Import design success TD_VERSION=5.6.71036 , DB_VERSION=46146
GUI-5004 WARNING: clk_10m has not been assigned a location ...
GUI-5004 WARNING: dac_clk_1 has not been assigned a location ...
GUI-5004 WARNING: dac_clk_2 has not been assigned a location ...
GUI-5004 WARNING: dac_data_1[13] has not been assigned a location ...
GUI-5004 WARNING: dac_data_1[12] has not been assigned a location ...
GUI-5004 WARNING: dac_data_1[11] has not been assigned a location ...
GUI-5004 WARNING: dac_data_1[10] has not been assigned a location ...
GUI-5004 WARNING: dac_data_1[9] has not been assigned a location ...
GUI-5004 WARNING: dac_data_1[8] has not been assigned a location ...
GUI-5004 WARNING: dac_data_1[7] has not been assigned a location ...
GUI-5004 Similar messages will be suppressed.
RUN-1001 : reset_run syn_1.
RUN-1001 : launch_runs syn_1 -step opt_gate.
RUN-1001 : reset_run phy_1.
RUN-1001 : syn_1: run complete.
RUN-1001 : open_run syn_1.
RUN-1002 : start command "import_db /data/Tasks/FrequencyResponseDetector/td/FrequencyResponseDetector_Runs/syn_1/FrequencyResponseDetector_gate.db"
RUN-1001 : Importing database generated by Tang Dynasty, V5.6.71036.
RUN-1001 : Database version number 46146.
RUN-1001 : Import flow parameters
RUN-1001 : Import IO constraints
RUN-1001 : Import Inst constraints
RUN-1001 : Import design success TD_VERSION=5.6.71036 , DB_VERSION=46146
GUI-5004 WARNING: clk_10m has not been assigned a location ...
GUI-5004 WARNING: dac_clk_2 has not been assigned a location ...
GUI-5004 WARNING: dac_wrt_2 has not been assigned a location ...
GUI-5004 WARNING: spi_m_csn has not been assigned a location ...
GUI-5004 WARNING: spi_m_miso has not been assigned a location ...
GUI-5004 WARNING: spi_m_mosi has not been assigned a location ...
GUI-5004 WARNING: spi_m_sck has not been assigned a location ...
GUI-5004 WARNING: spi_s_csn has not been assigned a location ...
GUI-5004 WARNING: spi_s_miso has not been assigned a location ...
GUI-5004 WARNING: spi_s_mosi has not been assigned a location ...
GUI-5004 Similar messages will be suppressed.
HDL-1007 : analyze verilog file src/dds/dds.v
RUN-1001 : reset_run syn_1.
RUN-1001 : launch_runs syn_1 -step opt_gate.
RUN-1001 : reset_run phy_1.
RUN-6001 WARNING: syn_1: run failed.
RUN-1001 : open_run syn_1.
RUN-1002 : start command "import_db /data/Tasks/FrequencyResponseDetector/td/FrequencyResponseDetector_Runs/syn_1/FrequencyResponseDetector_elaborate.db"
RUN-1001 : Importing database generated by Tang Dynasty, V5.6.71036.
RUN-1001 : Database version number 46146.
RUN-1001 : Import flow parameters
RUN-1001 : Import IO constraints
RUN-1001 : Import Inst constraints
RUN-1001 : Import design success TD_VERSION=5.6.71036 , DB_VERSION=46146
RUN-1001 : reset_run syn_1.
RUN-1001 : launch_runs syn_1 -step opt_gate.
RUN-1001 : reset_run phy_1.
RUN-6001 WARNING: syn_1: run failed.
RUN-1001 : open_run syn_1.
RUN-1002 : start command "import_db /data/Tasks/FrequencyResponseDetector/td/FrequencyResponseDetector_Runs/syn_1/FrequencyResponseDetector_elaborate.db"
RUN-1001 : Importing database generated by Tang Dynasty, V5.6.71036.
RUN-1001 : Database version number 46146.
RUN-1001 : Import flow parameters
RUN-1001 : Import IO constraints
RUN-1001 : Import Inst constraints
RUN-1001 : Import design success TD_VERSION=5.6.71036 , DB_VERSION=46146
RUN-1001 : reset_run syn_1.
RUN-1001 : launch_runs syn_1 -step opt_gate.
RUN-1001 : reset_run phy_1.
RUN-1001 : syn_1: run complete.
RUN-1001 : open_run syn_1.
RUN-1002 : start command "import_db /data/Tasks/FrequencyResponseDetector/td/FrequencyResponseDetector_Runs/syn_1/FrequencyResponseDetector_gate.db"
RUN-1001 : Importing database generated by Tang Dynasty, V5.6.71036.
RUN-1001 : Database version number 46146.
RUN-1001 : Import flow parameters
RUN-1001 : Import IO constraints
RUN-1001 : Import Inst constraints
RUN-1001 : Import design success TD_VERSION=5.6.71036 , DB_VERSION=46146
RUN-1001 : launch_runs phy_1 -step bitgen.
RUN-1001 : phy_1: run complete.
RUN-1001 : open_run phy_1.
RUN-1002 : start command "import_db /data/Tasks/FrequencyResponseDetector/td/FrequencyResponseDetector_Runs/phy_1/FrequencyResponseDetector_pr.db"
RUN-1001 : Importing database generated by Tang Dynasty, V5.6.71036.
RUN-1001 : Database version number 46146.
RUN-1001 : Import flow parameters
RUN-1001 : Constructing routing connections.
RUN-1001 : Import IO constraints
RUN-1001 : Import Inst constraints
RUN-1001 : Import design success TD_VERSION=5.6.71036 , DB_VERSION=46146
RUN-1003 : finish command "import_db /data/Tasks/FrequencyResponseDetector/td/FrequencyResponseDetector_Runs/phy_1/FrequencyResponseDetector_pr.db" in  1.140054s wall, 6.990000s user + 0.430000s system = 7.420000s CPU (650.8%)

RUN-1004 : used memory is 1857 MB, reserved memory is 1920 MB, peak memory is 1920 MB
RUN-1002 : start command "download -bit FrequencyResponseDetector_Runs/phy_1/FrequencyResponseDetector.bit -mode jtag -spd 7 -sec 64 -cable 0"
PRG-2014 : Chip validation success: PH1A90
RUN-1003 : finish command "download -bit FrequencyResponseDetector_Runs/phy_1/FrequencyResponseDetector.bit -mode jtag -spd 7 -sec 64 -cable 0" in  10.756329s wall, 0.420000s user + 0.780000s system = 1.200000s CPU (11.2%)

RUN-1004 : used memory is 1879 MB, reserved memory is 2077 MB, peak memory is 2077 MB
GUI-1001 : Downloading succeeded!
GUI-5005 WARNING: Unknown file icon ...
GUI-5005 WARNING: Unknown file icon ...
GUI-1001 : User opens ChipWatcher ...
PRG-1000 : <!-- HMAC is: 63d842ce987a50d3e08d09969cf08f88c0daf2633b5688bc37947dcfdbec8cdd -->
GUI-1001 : User closes ChipWatcher ...
HDL-1007 : analyze verilog file src/top.v
RUN-1001 : reset_run syn_1.
RUN-1001 : launch_runs syn_1 -step opt_gate.
RUN-1001 : reset_run phy_1.
GUI-6001 WARNING: File /data/Tasks/FrequencyResponseDetector/td/FrequencyResponseDetector_Runs/phy_1/FrequencyResponseDetector.bit does not exist!
RUN-1001 : syn_1: run complete.
RUN-1001 : open_run syn_1.
RUN-1002 : start command "import_db /data/Tasks/FrequencyResponseDetector/td/FrequencyResponseDetector_Runs/syn_1/FrequencyResponseDetector_gate.db"
RUN-1001 : Importing database generated by Tang Dynasty, V5.6.71036.
RUN-1001 : Database version number 46146.
RUN-1001 : Import flow parameters
RUN-1001 : Import IO constraints
RUN-1001 : Import Inst constraints
RUN-1001 : Import design success TD_VERSION=5.6.71036 , DB_VERSION=46146
RUN-1002 : start command "config_chipwatcher constrants/main.cwc -dir "
KIT-1004 : ChipWatcher: import watcher inst auto_chipwatcher_0 completed, there are 2 view nodes, 28 trigger nets, 28 data nets.
KIT-1004 : Chipwatcher code = 1010010110001111
GUI-1001 : Import constrants/main.cwc success!
GUI-1001 : User opens ChipWatcher ...
PRG-1000 : <!-- HMAC is: 63d842ce987a50d3e08d09969cf08f88c0daf2633b5688bc37947dcfdbec8cdd -->
GUI-1001 : Disable bus trigger dac_data_1[13:0] success
GUI-1001 : Disable bus trigger dac_data_2[13:0] success
PRG-1000 : <!-- HMAC is: 8f0466d1d11a328d7fb11420ad27f3b1ab45bdd569f43e4d818e769f5947a9cd -->
PRG-1000 : <!-- HMAC is: 81eedf2db25dae4eb211a307b016bfdb6aedc29f08448a703415e5839fcf2b41 -->
PRG-1000 : <!-- HMAC is: 81eedf2db25dae4eb211a307b016bfdb6aedc29f08448a703415e5839fcf2b41 -->
PRG-1000 : <!-- HMAC is: 8508bc9aa262b750bd153f0564fd52781586a7e3c70594f337b8d2dafa3eb77f -->
RUN-1001 : reset_run syn_1 phy_1.
RUN-1001 : launch_runs syn_1 phy_1  -jobs 6.
RUN-1001 : syn_1: run complete.
RUN-1001 : phy_1: run complete.
RUN-1001 : open_run phy_1.
RUN-1002 : start command "import_db /data/Tasks/FrequencyResponseDetector/td/FrequencyResponseDetector_Runs/phy_1/FrequencyResponseDetector_pr.db"
RUN-1001 : Importing database generated by Tang Dynasty, V5.6.71036.
RUN-1001 : Database version number 46146.
RUN-1001 : Import flow parameters
RUN-1001 : Constructing routing connections.
RUN-1001 : Import IO constraints
RUN-1001 : Import Inst constraints
RUN-1001 : Import ChipWatcher
RUN-1001 : Import design success TD_VERSION=5.6.71036 , DB_VERSION=46146
RUN-1003 : finish command "import_db /data/Tasks/FrequencyResponseDetector/td/FrequencyResponseDetector_Runs/phy_1/FrequencyResponseDetector_pr.db" in  1.237000s wall, 6.740000s user + 0.200000s system = 6.940000s CPU (561.0%)

RUN-1004 : used memory is 1884 MB, reserved memory is 2077 MB, peak memory is 2077 MB
RUN-1002 : start command "config_chipwatcher -sync constrants/main.cwc -dir "
KIT-1004 : ChipWatcher: import watcher inst auto_chipwatcher_0 completed, there are 3 view nodes, 29 trigger nets, 29 data nets.
GUI-1001 : Import constrants/main.cwc success!
RUN-1002 : start command "download -bit FrequencyResponseDetector_Runs/phy_1/FrequencyResponseDetector.bit -mode jtag_burst -spd 9 -cable 0 -total_dev 1 -cur_dev 1"
PRG-2014 : Chip validation success: PH1A90
RUN-1003 : finish command "download -bit FrequencyResponseDetector_Runs/phy_1/FrequencyResponseDetector.bit -mode jtag_burst -spd 9 -cable 0 -total_dev 1 -cur_dev 1" in  6.311810s wall, 0.560000s user + 0.590000s system = 1.150000s CPU (18.2%)

RUN-1004 : used memory is 1884 MB, reserved memory is 2105 MB, peak memory is 2105 MB
GUI-1001 : Downloading succeeded!
KIT-1004 : ChipWatcher: write ctrl reg value: 000000000000000000000000000000000000000000000000000000000000000000000000000000000000000000000000
KIT-1004 : ChipWatcher: write ctrl reg value: 011100000000000000000000000000000111000000000000000000000000000000011100000100000000000001010000
KIT-1004 : ChipWatcher: the value of status register = 110000000000001000
RUN-1002 : start command "rdbk_bram20 -axis -chip PH1A90 -bram 0X0000022F -cable 0 -total_dev 1 -cur_dev 1"
KIT-1001 : Read back data from ERAM20 0X0000022F successfully.
RUN-1002 : start command "rdbk_bram20 -axis -chip PH1A90 -bram 0X0000022E -cable 0 -total_dev 1 -cur_dev 1"
KIT-1001 : Read back data from ERAM20 0X0000022E successfully.
SYN-2541 : Attrs-to-init for 2 logic bram(s)
SYN-2541 : Reading sub[0] auto_chipwatcher_0_logicbram_syn_1
SYN-2541 : Reading sub[1] auto_chipwatcher_0_logicbram_syn_22
KIT-1004 : ChipWatcher: write ctrl reg value: 011100000000000000000000000000000111000000000000000000000000000000011100000100000000000001000000
KIT-1004 : ChipWatcher: write ctrl reg value: 000000000000000000000000000000000000000000000000000000000000000000000000000000000000000000000000
KIT-1004 : ChipWatcher: write ctrl reg value: 011100000000000000000000000000000111000000000000000000000000000000011100000100000000000001010000
KIT-1004 : ChipWatcher: the value of status register = 110000000000001000
RUN-1002 : start command "rdbk_bram20 -axis -chip PH1A90 -bram 0X0000022F -cable 0 -total_dev 1 -cur_dev 1"
KIT-1001 : Read back data from ERAM20 0X0000022F successfully.
RUN-1002 : start command "rdbk_bram20 -axis -chip PH1A90 -bram 0X0000022E -cable 0 -total_dev 1 -cur_dev 1"
KIT-1001 : Read back data from ERAM20 0X0000022E successfully.
SYN-2541 : Attrs-to-init for 2 logic bram(s)
SYN-2541 : Reading sub[0] auto_chipwatcher_0_logicbram_syn_1
SYN-2541 : Reading sub[1] auto_chipwatcher_0_logicbram_syn_22
KIT-1004 : ChipWatcher: write ctrl reg value: 011100000000000000000000000000000111000000000000000000000000000000011100000100000000000001000000
KIT-1004 : ChipWatcher: write ctrl reg value: 000000000000000000000000000000000000000000000000000000000000000000000000000000000000000000000000
KIT-1004 : ChipWatcher: write ctrl reg value: 011100000000000000000000000000000111000000000000000000000000000000011100000100000000000001010000
KIT-1004 : ChipWatcher: the value of status register = 110000000000001000
RUN-1002 : start command "rdbk_bram20 -axis -chip PH1A90 -bram 0X0000022F -cable 0 -total_dev 1 -cur_dev 1"
KIT-1001 : Read back data from ERAM20 0X0000022F successfully.
RUN-1002 : start command "rdbk_bram20 -axis -chip PH1A90 -bram 0X0000022E -cable 0 -total_dev 1 -cur_dev 1"
KIT-1001 : Read back data from ERAM20 0X0000022E successfully.
SYN-2541 : Attrs-to-init for 2 logic bram(s)
SYN-2541 : Reading sub[0] auto_chipwatcher_0_logicbram_syn_1
SYN-2541 : Reading sub[1] auto_chipwatcher_0_logicbram_syn_22
KIT-1004 : ChipWatcher: write ctrl reg value: 011100000000000000000000000000000111000000000000000000000000000000011100000100000000000001000000
KIT-1004 : ChipWatcher: write ctrl reg value: 000000000000000000000000000000000000000000000000000000000000000000000000000000000000000000000000
KIT-1004 : ChipWatcher: write ctrl reg value: 011100000000000000000000000000000111000000000000000000000000000000011100000100000000000001010000
KIT-1004 : ChipWatcher: the value of status register = 110000000000001000
RUN-1002 : start command "rdbk_bram20 -axis -chip PH1A90 -bram 0X0000022F -cable 0 -total_dev 1 -cur_dev 1"
KIT-1001 : Read back data from ERAM20 0X0000022F successfully.
RUN-1002 : start command "rdbk_bram20 -axis -chip PH1A90 -bram 0X0000022E -cable 0 -total_dev 1 -cur_dev 1"
KIT-1001 : Read back data from ERAM20 0X0000022E successfully.
SYN-2541 : Attrs-to-init for 2 logic bram(s)
SYN-2541 : Reading sub[0] auto_chipwatcher_0_logicbram_syn_1
SYN-2541 : Reading sub[1] auto_chipwatcher_0_logicbram_syn_22
KIT-1004 : ChipWatcher: write ctrl reg value: 011100000000000000000000000000000111000000000000000000000000000000011100000100000000000001000000
HDL-1007 : analyze verilog file src/dds/dds.v
RUN-1001 : reset_run syn_1 phy_1.
GUI-6001 WARNING: File /data/Tasks/FrequencyResponseDetector/td/FrequencyResponseDetector_Runs/phy_1/FrequencyResponseDetector.bit does not exist!
RUN-1001 : launch_runs syn_1 phy_1  -jobs 6.
RUN-1001 : syn_1: run complete.
RUN-1001 : phy_1: run complete.
RUN-1001 : open_run phy_1.
RUN-1002 : start command "import_db /data/Tasks/FrequencyResponseDetector/td/FrequencyResponseDetector_Runs/phy_1/FrequencyResponseDetector_pr.db"
RUN-1001 : Importing database generated by Tang Dynasty, V5.6.71036.
RUN-1001 : Database version number 46146.
RUN-1001 : Import flow parameters
RUN-1001 : Constructing routing connections.
RUN-1001 : Import IO constraints
RUN-1001 : Import Inst constraints
RUN-1001 : Import ChipWatcher
RUN-1001 : Import design success TD_VERSION=5.6.71036 , DB_VERSION=46146
RUN-1003 : finish command "import_db /data/Tasks/FrequencyResponseDetector/td/FrequencyResponseDetector_Runs/phy_1/FrequencyResponseDetector_pr.db" in  1.290940s wall, 7.360000s user + 0.130000s system = 7.490000s CPU (580.2%)

RUN-1004 : used memory is 1884 MB, reserved memory is 2105 MB, peak memory is 2105 MB
RUN-1002 : start command "config_chipwatcher -sync constrants/main.cwc -dir "
KIT-1004 : ChipWatcher: import watcher inst auto_chipwatcher_0 completed, there are 3 view nodes, 29 trigger nets, 29 data nets.
GUI-1001 : Import constrants/main.cwc success!
RUN-1002 : start command "download -bit FrequencyResponseDetector_Runs/phy_1/FrequencyResponseDetector.bit -mode jtag_burst -spd 9 -cable 0 -total_dev 1 -cur_dev 1"
PRG-2014 : Chip validation success: PH1A90
RUN-1003 : finish command "download -bit FrequencyResponseDetector_Runs/phy_1/FrequencyResponseDetector.bit -mode jtag_burst -spd 9 -cable 0 -total_dev 1 -cur_dev 1" in  6.306110s wall, 0.450000s user + 0.540000s system = 0.990000s CPU (15.7%)

RUN-1004 : used memory is 1884 MB, reserved memory is 2105 MB, peak memory is 2105 MB
GUI-1001 : Downloading succeeded!
GUI-8501 ERROR: Get bit file Ucode failed.
RUN-1001 : reset_run syn_1 phy_1.
GUI-6001 WARNING: File /data/Tasks/FrequencyResponseDetector/td/FrequencyResponseDetector_Runs/phy_1/FrequencyResponseDetector.bit does not exist!
RUN-1001 : launch_runs syn_1 phy_1  -jobs 6.
GUI-1001 : User closes ChipWatcher ...
RUN-1001 : syn_1: run complete.
RUN-1001 : phy_1: run complete.
RUN-1001 : open_run phy_1.
RUN-1002 : start command "import_db /data/Tasks/FrequencyResponseDetector/td/FrequencyResponseDetector_Runs/phy_1/FrequencyResponseDetector_pr.db"
RUN-1001 : Importing database generated by Tang Dynasty, V5.6.71036.
RUN-1001 : Database version number 46146.
RUN-1001 : Import flow parameters
RUN-1001 : Constructing routing connections.
RUN-1001 : Import IO constraints
RUN-1001 : Import Inst constraints
RUN-1001 : Import ChipWatcher
RUN-1001 : Import design success TD_VERSION=5.6.71036 , DB_VERSION=46146
RUN-1003 : finish command "import_db /data/Tasks/FrequencyResponseDetector/td/FrequencyResponseDetector_Runs/phy_1/FrequencyResponseDetector_pr.db" in  1.312894s wall, 7.130000s user + 0.150000s system = 7.280000s CPU (554.5%)

RUN-1004 : used memory is 1883 MB, reserved memory is 2105 MB, peak memory is 2105 MB
RUN-1002 : start command "config_chipwatcher -sync constrants/main.cwc -dir "
KIT-1004 : ChipWatcher: import watcher inst auto_chipwatcher_0 completed, there are 3 view nodes, 29 trigger nets, 29 data nets.
GUI-1001 : Import constrants/main.cwc success!
GUI-1001 : User opens ChipWatcher ...
RUN-1002 : start command "download -bit FrequencyResponseDetector_Runs/phy_1/FrequencyResponseDetector.bit -mode jtag_burst -spd 9 -cable 0 -total_dev 1 -cur_dev 1"
PRG-2014 : Chip validation success: PH1A90
RUN-1003 : finish command "download -bit FrequencyResponseDetector_Runs/phy_1/FrequencyResponseDetector.bit -mode jtag_burst -spd 9 -cable 0 -total_dev 1 -cur_dev 1" in  6.310897s wall, 0.500000s user + 0.540000s system = 1.040000s CPU (16.5%)

RUN-1004 : used memory is 1886 MB, reserved memory is 2105 MB, peak memory is 2105 MB
GUI-1001 : Downloading succeeded!
GUI-8501 ERROR: Get bit file Ucode failed.
GUI-1001 : User closes ChipWatcher ...
RUN-1002 : start command "download -bit FrequencyResponseDetector_Runs/phy_1/FrequencyResponseDetector.bit -mode jtag -spd 9 -sec 64 -cable 0"
PRG-2014 : Chip validation success: PH1A90
RUN-1003 : finish command "download -bit FrequencyResponseDetector_Runs/phy_1/FrequencyResponseDetector.bit -mode jtag -spd 9 -sec 64 -cable 0" in  6.351360s wall, 0.490000s user + 0.490000s system = 0.980000s CPU (15.4%)

RUN-1004 : used memory is 1902 MB, reserved memory is 2134 MB, peak memory is 2134 MB
GUI-1001 : Downloading succeeded!
RUN-1002 : start command "config_chipwatcher -sync constrants/main.cwc -dir "
KIT-1004 : ChipWatcher: import watcher inst auto_chipwatcher_0 completed, there are 3 view nodes, 29 trigger nets, 29 data nets.
GUI-1001 : Import constrants/main.cwc success!
GUI-1001 : User opens ChipWatcher ...
KIT-1004 : ChipWatcher: write ctrl reg value: 000000000000000000000000000000000000000000000000000000000000000000000000000000000000000000000000
KIT-1004 : ChipWatcher: write ctrl reg value: 011100000000000000000000000000000111000000000000000000000000000000011100000100000000000001010000
KIT-1004 : ChipWatcher: the value of status register = 110000000000001000
RUN-1002 : start command "rdbk_bram20 -axis -chip PH1A90 -bram 0X00000230 -cable 0 -total_dev 1 -cur_dev 1"
KIT-1001 : Read back data from ERAM20 0X00000230 successfully.
RUN-1002 : start command "rdbk_bram20 -axis -chip PH1A90 -bram 0X0000022E -cable 0 -total_dev 1 -cur_dev 1"
KIT-1001 : Read back data from ERAM20 0X0000022E successfully.
SYN-2541 : Attrs-to-init for 2 logic bram(s)
SYN-2541 : Reading sub[0] auto_chipwatcher_0_logicbram_syn_1
SYN-2541 : Reading sub[1] auto_chipwatcher_0_logicbram_syn_22
KIT-1004 : ChipWatcher: write ctrl reg value: 011100000000000000000000000000000111000000000000000000000000000000011100000100000000000001000000
RUN-1002 : start command "download -bit FrequencyResponseDetector_Runs/phy_1/FrequencyResponseDetector.bit -mode jtag_burst -spd 9 -cable 0 -total_dev 1 -cur_dev 1"
PRG-2014 : Chip validation success: PH1A90
RUN-1003 : finish command "download -bit FrequencyResponseDetector_Runs/phy_1/FrequencyResponseDetector.bit -mode jtag_burst -spd 9 -cable 0 -total_dev 1 -cur_dev 1" in  6.306259s wall, 0.510000s user + 0.520000s system = 1.030000s CPU (16.3%)

RUN-1004 : used memory is 1887 MB, reserved memory is 2134 MB, peak memory is 2134 MB
GUI-1001 : Downloading succeeded!
KIT-1004 : ChipWatcher: write ctrl reg value: 000000000000000000000000000000000000000000000000000000000000000000000000000000000000000000000000
KIT-1004 : ChipWatcher: write ctrl reg value: 011100000000000000000000000000000111000000000000000000000000000000011100000100000000000001010000
KIT-1004 : ChipWatcher: the value of status register = 110000000000001000
RUN-1002 : start command "rdbk_bram20 -axis -chip PH1A90 -bram 0X00000230 -cable 0 -total_dev 1 -cur_dev 1"
KIT-1001 : Read back data from ERAM20 0X00000230 successfully.
RUN-1002 : start command "rdbk_bram20 -axis -chip PH1A90 -bram 0X0000022E -cable 0 -total_dev 1 -cur_dev 1"
KIT-1001 : Read back data from ERAM20 0X0000022E successfully.
SYN-2541 : Attrs-to-init for 2 logic bram(s)
SYN-2541 : Reading sub[0] auto_chipwatcher_0_logicbram_syn_1
SYN-2541 : Reading sub[1] auto_chipwatcher_0_logicbram_syn_22
KIT-1004 : ChipWatcher: write ctrl reg value: 011100000000000000000000000000000111000000000000000000000000000000011100000100000000000001000000
KIT-1004 : ChipWatcher: write ctrl reg value: 000000000000000000000000000000000000000000000000000000000000000000000000000000000000000000000000
KIT-1004 : ChipWatcher: write ctrl reg value: 011100000000000000000000000000000111000000000000000000000000000000011100000100000000000001010000
KIT-1004 : ChipWatcher: the value of status register = 110000000000001000
RUN-1002 : start command "rdbk_bram20 -axis -chip PH1A90 -bram 0X00000230 -cable 0 -total_dev 1 -cur_dev 1"
KIT-1001 : Read back data from ERAM20 0X00000230 successfully.
RUN-1002 : start command "rdbk_bram20 -axis -chip PH1A90 -bram 0X0000022E -cable 0 -total_dev 1 -cur_dev 1"
KIT-1001 : Read back data from ERAM20 0X0000022E successfully.
SYN-2541 : Attrs-to-init for 2 logic bram(s)
SYN-2541 : Reading sub[0] auto_chipwatcher_0_logicbram_syn_1
SYN-2541 : Reading sub[1] auto_chipwatcher_0_logicbram_syn_22
KIT-1004 : ChipWatcher: write ctrl reg value: 011100000000000000000000000000000111000000000000000000000000000000011100000100000000000001000000
GUI-1001 : User closes ChipWatcher ...
