============================================================
   Tang Dynasty, V5.6.71036
      Copyright (c) 2012-2023 Anlogic Inc.
   Executable = /data/Tools/TD_5.6.2_71036_NL/bin/td
   Built by =   zhangfan
   Built at =   19:43, 3月 21
   Run by =     zhangfan
   Run Date =   Thu Jul  6 16:01:30 2023

   Run on =     zhangfan-desktop
============================================================
RUN-001 : GUI based run...
Copyright (c) 1998-2019 The OpenSSL Project.  All rights reserved.
This product includes software developed by the OpenSSL Project
for use in the OpenSSL Toolkit (http://www.openssl.org/)
Copyright (C) 1995-1998 Eric Young (eay@cryptsoft.com)
All rights reserved.
This product includes cryptographic software written by Eric Young (eay@cryptsoft.com)
RUN-1002 : start command "import_device ph1_90.db -package PH1A90SBG484 -basic"
ARC-1001 : Device Initialization.
ARC-1001 : -----------------------------------------------------------
ARC-1001 :           OPTION          |        IO        |   SETTING   
ARC-1001 : -----------------------------------------------------------
ARC-1001 :   non_jtag_persist(none)  |      36 IOs      |    gpio    
ARC-1001 :            jtag           |  M7/K7/L6/K6/J6  |  dedicate  
ARC-1001 : -----------------------------------------------------------
RUN-1003 : finish command "import_device ph1_90.db -package PH1A90SBG484 -basic" in  3.924826s wall, 3.780000s user + 0.170000s system = 3.950000s CPU (100.6%)

RUN-1004 : used memory is 674 MB, reserved memory is 690 MB, peak memory is 690 MB
RUN-1002 : start command "set_param flow syn_ip_flow ip"
RUN-1002 : start command "set_param rtl keep_hierarchy flatten"
RUN-1002 : start command "read_verilog -file dds_phy.v"
HDL-1007 : analyze verilog file dds_phy.v
HDL-5007 WARNING: use of undefined macro 'pragma_protect_begin' in dds_phy.v(27)
HDL-5007 WARNING: use of undefined macro 'pragma_protect_end' in dds_phy.v(4452)
HDL-1007 : elaborate module dds_phy in dds_phy.v(9)
HDL-1007 : extracting RAM for identifier 'rom' in dds_phy.v(67)
HDL-7007 CRITICAL-WARNING: 'lsfr_rdy' should be on the sensitivity list in dds_phy.v(4414)
HDL-7007 CRITICAL-WARNING: 'rdy_pre' should be on the sensitivity list in dds_phy.v(4414)
HDL-7007 CRITICAL-WARNING: assignment under multiple clock edges is not supported for synthesis in dds_phy.v(4414)
HDL-5007 WARNING: net 'rom' does not have a driver in dds_phy.v(67)
HDL-1200 : Current top model is dds_phy
HDL-1100 : Inferred 1 RAMs.
RUN-1002 : start command "optimize_rtl"
RUN-1001 : Open license file /data/Tools/TD_5.6.2_71036_NL/license/Anlogic.lic
RUN-1001 : Print Global Property
RUN-1001 : ---------------------------------------------------------------
RUN-1001 :        Parameters        |  Settings  |  Default Values  |  Note  
RUN-1001 : ---------------------------------------------------------------
RUN-1001 :          message         |  standard  |     standard     |        
RUN-1001 :   mixed_pack_place_flow  |     on     |        on        |        
RUN-1001 :        qor_monitor       |    off     |       off        |        
RUN-1001 :        syn_ip_flow       |     ip     |       off        |   *    
RUN-1001 :          thread          |    auto    |       auto       |        
RUN-1001 : ---------------------------------------------------------------
RUN-1001 : Print Rtl Property
RUN-1001 : --------------------------------------------------------------
RUN-1001 :        Parameters       |  Settings  |  Default Values  |  Note  
RUN-1001 : --------------------------------------------------------------
RUN-1001 :       compress_add      |   ripple   |      ripple      |        
RUN-1001 :        elf_sload        |    off     |       off        |        
RUN-1001 :       fix_undriven      |     0      |        0         |        
RUN-1001 :         flatten         |    off     |       off        |        
RUN-1001 :       gate_sharing      |     on     |        on        |        
RUN-1001 :    hdl_warning_level    |   normal   |      normal      |        
RUN-1001 :   impl_internal_tribuf  |     on     |        on        |        
RUN-1001 :      impl_set_reset     |     on     |        on        |        
RUN-1001 :        infer_gsr        |    off     |       off        |        
RUN-1001 :      keep_hierarchy     |  flatten   |       auto       |   *    
RUN-1001 :        max_fanout       |    9999    |       9999       |        
RUN-1001 :      max_oh2bin_len     |     10     |        10        |        
RUN-1001 :       merge_equal       |     on     |        on        |        
RUN-1001 :       merge_equiv       |     on     |        on        |        
RUN-1001 :        merge_mux        |    off     |       off        |        
RUN-1001 :     min_control_set     |     8      |        8         |        
RUN-1001 :      min_ripple_len     |    auto    |       auto       |        
RUN-1001 :       oh2bin_ratio      |    0.08    |       0.08       |        
RUN-1001 :     opt_adder_fanout    |     on     |        on        |        
RUN-1001 :        opt_arith        |     on     |        on        |        
RUN-1001 :       opt_big_gate      |    off     |       off        |        
RUN-1001 :        opt_const        |     on     |        on        |        
RUN-1001 :      opt_const_mult     |     on     |        on        |        
RUN-1001 :       opt_lessthan      |     on     |        on        |        
RUN-1001 :         opt_mux         |    off     |       off        |        
RUN-1001 :         opt_ram         |    high    |       high       |        
RUN-1001 :      rtl_sim_model      |    off     |       off        |        
RUN-1001 :         seq_syn         |     on     |        on        |        
RUN-1001 : --------------------------------------------------------------
SYN-1012 : SanityCheck: Model "dds_phy"
SYN-1011 : Flatten model dds_phy
SYN-1032 : 1036/94 useful/useless nets, 140/0 useful/useless insts
SYN-1016 : Merged 3 instances.
SYN-1023 : Infer 0 Logic DRAMs, 1 Logic BRAMs.
SYN-1032 : 1006/5 useful/useless nets, 126/2 useful/useless insts
SYN-1016 : Merged 46 instances.
SYN-1032 : 939/0 useful/useless nets, 797/2 useful/useless insts
SYN-1014 : Optimize round 1
SYN-1019 : Optimized 1 mux instances.
SYN-1016 : Merged 4 instances.
SYN-1015 : Optimize round 1, 657 better
SYN-1014 : Optimize round 2
SYN-1015 : Optimize round 2, 0 better
SYN-1014 : Optimize round 1
SYN-1015 : Optimize round 1, 0 better
RUN-1002 : start command "optimize_gate -release dds_phy_gate.v"
RUN-1001 : Open license file /data/Tools/TD_5.6.2_71036_NL/license/Anlogic.lic
RUN-1001 : Print Global Property
RUN-1001 : ---------------------------------------------------------------
RUN-1001 :        Parameters        |  Settings  |  Default Values  |  Note  
RUN-1001 : ---------------------------------------------------------------
RUN-1001 :          message         |  standard  |     standard     |        
RUN-1001 :   mixed_pack_place_flow  |     on     |        on        |        
RUN-1001 :        qor_monitor       |    off     |       off        |        
RUN-1001 :        syn_ip_flow       |     ip     |       off        |   *    
RUN-1001 :          thread          |    auto    |       auto       |        
RUN-1001 : ---------------------------------------------------------------
RUN-1001 : Print Gate Property
RUN-1001 : ------------------------------------------------------------------
RUN-1001 :          Parameters         |  Settings  |  Default Values  |  Note  
RUN-1001 : ------------------------------------------------------------------
RUN-1001 :         cascade_dsp         |    off     |       off        |        
RUN-1001 :         cascade_eram        |    off     |       off        |        
RUN-1001 :        gate_sim_model       |    off     |       off        |        
RUN-1001 :        map_sim_model        |    off     |       off        |        
RUN-1001 :         map_strategy        |     1      |        1         |        
RUN-1001 :           opt_area          |   medium   |      medium      |        
RUN-1001 :          opt_timing         |    auto    |       auto       |        
RUN-1001 :         pack_effort         |   medium   |      medium      |        
RUN-1001 :      pack_lslice_ripple     |     on     |        on        |        
RUN-1001 :   pack_lslice_ripple_ratio  |    0.5     |       0.5        |        
RUN-1001 :        pack_seq_in_io       |    auto    |       auto       |        
RUN-1001 :        ph1_mux_ratio        |    1.0     |       1.0        |        
RUN-1001 :            report           |  standard  |     standard     |        
RUN-1001 :           retiming          |    off     |       off        |        
RUN-1001 : ------------------------------------------------------------------
RUN-1002 : start command "update_pll_param -module dds_phy"
SYN-2501 : Processed 0 LOGIC_BUF instances.
SYN-2571 : Optimize after map_dsp, round 1
SYN-2571 : Optimize after map_dsp, round 1, 0 better
SYN-1001 : Convert 2 adder
TMR-5018 WARNING: No timing constraints available. Please specify timing constraints first.
SYN-2501 : Optimize round 1
SYN-1032 : 907/0 useful/useless nets, 765/26 useful/useless insts
SYN-2501 : Optimize round 1, 26 better
SYN-2501 : Optimize round 2
SYN-2501 : Optimize round 2, 0 better
SYN-2501 : Map 6 macro adder
SYN-1016 : Merged 6 instances.
SYN-1032 : 1003/3 useful/useless nets, 861/0 useful/useless insts
SYN-3001 : Running gate level optimization.
SYN-2581 : Mapping with K=5, #lut = 83 (2.75), #lev = 2 (1.00)
SYN-2551 : Post LUT mapping optimization.
SYN-2581 : Mapping with K=6, #lut = 81 (2.79), #lev = 2 (1.00)
SYN-3001 : Logic optimization runtime opt =   0.00 sec, map =   0.00 sec
SYN-3001 : Mapper mapped 112 instances into 81 LUTs, name keeping = 95%.
RUN-1002 : start command "write_verilog -nolf -hidename dds_phy_gate.v"
HDL-1201 : write out verilog file dds_phy_gate.v
GUI-2000 : The IP files have been created successfully :{PH1A90SBG484(/data/Tasks/FrequencyResponseDetector/td/al_ip/dds_phy.ipc)}
